2021-03-12 19:48:13,002 INFO org.springframework.scheduling.concurrent.ExecutorConfigurationSupport [Thread-9] Shutting down ExecutorService 'applicationTaskExecutor'
2021-03-12 19:48:13,003 INFO org.springframework.orm.jpa.AbstractEntityManagerFactoryBean [Thread-9] Closing JPA EntityManagerFactory for persistence unit 'default'
2021-03-12 19:48:13,004 INFO com.zaxxer.hikari.HikariDataSource [Thread-9] HikariPool-2 - Shutdown initiated...
2021-03-12 19:48:13,011 INFO com.zaxxer.hikari.HikariDataSource [Thread-9] HikariPool-2 - Shutdown completed.
2021-03-12 19:48:13,177 INFO org.springframework.data.repository.config.RepositoryConfigurationDelegate [restartedMain] Bootstrapping Spring Data JPA repositories in DEFAULT mode.
2021-03-12 19:48:13,179 INFO org.springframework.data.repository.config.RepositoryConfigurationDelegate [restartedMain] Finished Spring Data repository scanning in 1 ms. Found 0 JPA repository interfaces.
2021-03-12 19:48:13,234 INFO org.springframework.boot.web.embedded.tomcat.TomcatWebServer [restartedMain] Tomcat initialized with port(s): 8080 (http)
2021-03-12 19:48:13,235 INFO org.apache.juli.logging.DirectJDKLog [restartedMain] Initializing ProtocolHandler ["http-nio-8080"]
2021-03-12 19:48:13,235 INFO org.apache.juli.logging.DirectJDKLog [restartedMain] Starting service [Tomcat]
2021-03-12 19:48:13,235 INFO org.apache.juli.logging.DirectJDKLog [restartedMain] Starting Servlet engine: [Apache Tomcat/9.0.41]
2021-03-12 19:48:13,255 INFO org.apache.juli.logging.DirectJDKLog [restartedMain] Initializing Spring embedded WebApplicationContext
2021-03-12 19:48:13,255 INFO org.springframework.boot.web.servlet.context.ServletWebServerApplicationContext [restartedMain] Root WebApplicationContext: initialization completed in 191 ms
2021-03-12 19:48:13,282 INFO org.hibernate.jpa.internal.util.LogHelper [restartedMain] HHH000204: Processing PersistenceUnitInfo [name: default]
2021-03-12 19:48:13,287 INFO com.zaxxer.hikari.HikariDataSource [restartedMain] HikariPool-3 - Starting...
2021-03-12 19:48:13,334 INFO com.zaxxer.hikari.HikariDataSource [restartedMain] HikariPool-3 - Start completed.
2021-03-12 19:48:13,334 INFO org.hibernate.dialect.Dialect [restartedMain] HHH000400: Using dialect: org.hibernate.dialect.PostgreSQL9Dialect
2021-03-12 19:48:13,369 INFO org.hibernate.engine.transaction.jta.platform.internal.JtaPlatformInitiator [restartedMain] HHH000490: Using JtaPlatform implementation: [org.hibernate.engine.transaction.jta.platform.internal.NoJtaPlatform]
2021-03-12 19:48:13,369 INFO org.springframework.orm.jpa.AbstractEntityManagerFactoryBean [restartedMain] Initialized JPA EntityManagerFactory for persistence unit 'default'
2021-03-12 19:48:13,378 INFO org.springframework.boot.devtools.autoconfigure.OptionalLiveReloadServer [restartedMain] LiveReload server is running on port 35729
2021-03-12 19:48:13,392 WARN org.springframework.boot.autoconfigure.orm.jpa.JpaBaseConfiguration$JpaWebConfiguration [restartedMain] spring.jpa.open-in-view is enabled by default. Therefore, database queries may be performed during view rendering. Explicitly configure spring.jpa.open-in-view to disable this warning
2021-03-12 19:48:13,412 INFO org.springframework.scheduling.concurrent.ExecutorConfigurationSupport [restartedMain] Initializing ExecutorService 'applicationTaskExecutor'
2021-03-12 19:48:13,449 INFO org.apache.juli.logging.DirectJDKLog [restartedMain] Starting ProtocolHandler ["http-nio-8080"]
2021-03-12 19:48:13,452 INFO org.springframework.boot.web.embedded.tomcat.TomcatWebServer [restartedMain] Tomcat started on port(s): 8080 (http) with context path ''
2021-03-12 19:48:13,461 INFO org.springframework.boot.devtools.autoconfigure.ConditionEvaluationDeltaLoggingListener [restartedMain] Condition evaluation unchanged
2021-03-12 19:50:26,549 INFO org.springframework.scheduling.concurrent.ExecutorConfigurationSupport [Thread-15] Shutting down ExecutorService 'applicationTaskExecutor'
2021-03-12 19:50:26,550 INFO org.springframework.orm.jpa.AbstractEntityManagerFactoryBean [Thread-15] Closing JPA EntityManagerFactory for persistence unit 'default'
2021-03-12 19:50:26,550 INFO com.zaxxer.hikari.HikariDataSource [Thread-15] HikariPool-3 - Shutdown initiated...
2021-03-12 19:50:26,555 INFO com.zaxxer.hikari.HikariDataSource [Thread-15] HikariPool-3 - Shutdown completed.
2021-03-12 19:50:26,727 [restartedMain] INFO org.springframework.data.repository.config.RepositoryConfigurationDelegate Bootstrapping Spring Data JPA repositories in DEFAULT mode.
2021-03-12 19:50:26,729 [restartedMain] INFO org.springframework.data.repository.config.RepositoryConfigurationDelegate Finished Spring Data repository scanning in 1 ms. Found 0 JPA repository interfaces.
2021-03-12 19:50:26,783 [restartedMain] INFO org.springframework.boot.web.embedded.tomcat.TomcatWebServer Tomcat initialized with port(s): 8080 (http)
2021-03-12 19:50:26,783 [restartedMain] INFO org.apache.juli.logging.DirectJDKLog Initializing ProtocolHandler ["http-nio-8080"]
2021-03-12 19:50:26,783 [restartedMain] INFO org.apache.juli.logging.DirectJDKLog Starting service [Tomcat]
2021-03-12 19:50:26,783 [restartedMain] INFO org.apache.juli.logging.DirectJDKLog Starting Servlet engine: [Apache Tomcat/9.0.41]
2021-03-12 19:50:26,801 [restartedMain] INFO org.apache.juli.logging.DirectJDKLog Initializing Spring embedded WebApplicationContext
2021-03-12 19:50:26,801 [restartedMain] INFO org.springframework.boot.web.servlet.context.ServletWebServerApplicationContext Root WebApplicationContext: initialization completed in 188 ms
2021-03-12 19:50:26,824 [restartedMain] INFO org.hibernate.jpa.internal.util.LogHelper HHH000204: Processing PersistenceUnitInfo [name: default]
2021-03-12 19:50:26,829 [restartedMain] INFO com.zaxxer.hikari.HikariDataSource HikariPool-4 - Starting...
2021-03-12 19:50:26,880 [restartedMain] INFO com.zaxxer.hikari.HikariDataSource HikariPool-4 - Start completed.
2021-03-12 19:50:26,880 [restartedMain] INFO org.hibernate.dialect.Dialect HHH000400: Using dialect: org.hibernate.dialect.PostgreSQL9Dialect
2021-03-12 19:50:26,914 [restartedMain] INFO org.hibernate.engine.transaction.jta.platform.internal.JtaPlatformInitiator HHH000490: Using JtaPlatform implementation: [org.hibernate.engine.transaction.jta.platform.internal.NoJtaPlatform]
2021-03-12 19:50:26,915 [restartedMain] INFO org.springframework.orm.jpa.AbstractEntityManagerFactoryBean Initialized JPA EntityManagerFactory for persistence unit 'default'
2021-03-12 19:50:26,923 [restartedMain] INFO org.springframework.boot.devtools.autoconfigure.OptionalLiveReloadServer LiveReload server is running on port 35729
2021-03-12 19:50:26,933 [restartedMain] WARN org.springframework.boot.autoconfigure.orm.jpa.JpaBaseConfiguration$JpaWebConfiguration spring.jpa.open-in-view is enabled by default. Therefore, database queries may be performed during view rendering. Explicitly configure spring.jpa.open-in-view to disable this warning
2021-03-12 19:50:26,952 [restartedMain] INFO org.springframework.scheduling.concurrent.ExecutorConfigurationSupport Initializing ExecutorService 'applicationTaskExecutor'
2021-03-12 19:50:26,989 [restartedMain] INFO org.apache.juli.logging.DirectJDKLog Starting ProtocolHandler ["http-nio-8080"]
2021-03-12 19:50:26,992 [restartedMain] INFO org.springframework.boot.web.embedded.tomcat.TomcatWebServer Tomcat started on port(s): 8080 (http) with context path ''
2021-03-12 19:50:26,999 [restartedMain] INFO org.springframework.boot.devtools.autoconfigure.ConditionEvaluationDeltaLoggingListener Condition evaluation unchanged
2021-03-12 19:51:11,643 [Thread-21] INFO org.springframework.scheduling.concurrent.ExecutorConfigurationSupport Shutting down ExecutorService 'applicationTaskExecutor'
2021-03-12 19:51:11,644 [Thread-21] INFO org.springframework.orm.jpa.AbstractEntityManagerFactoryBean Closing JPA EntityManagerFactory for persistence unit 'default'
2021-03-12 19:51:11,645 [Thread-21] INFO com.zaxxer.hikari.HikariDataSource HikariPool-4 - Shutdown initiated...
2021-03-12 19:51:11,650 [Thread-21] INFO com.zaxxer.hikari.HikariDataSource HikariPool-4 - Shutdown completed.
2021-03-12 19:51:11,814 INFO [restartedMain] org.springframework.data.repository.config.RepositoryConfigurationDelegate Bootstrapping Spring Data JPA repositories in DEFAULT mode.
2021-03-12 19:51:11,816 INFO [restartedMain] org.springframework.data.repository.config.RepositoryConfigurationDelegate Finished Spring Data repository scanning in 1 ms. Found 0 JPA repository interfaces.
2021-03-12 19:51:11,866 INFO [restartedMain] org.springframework.boot.web.embedded.tomcat.TomcatWebServer Tomcat initialized with port(s): 8080 (http)
2021-03-12 19:51:11,867 INFO [restartedMain] org.apache.juli.logging.DirectJDKLog Initializing ProtocolHandler ["http-nio-8080"]
2021-03-12 19:51:11,867 INFO [restartedMain] org.apache.juli.logging.DirectJDKLog Starting service [Tomcat]
2021-03-12 19:51:11,867 INFO [restartedMain] org.apache.juli.logging.DirectJDKLog Starting Servlet engine: [Apache Tomcat/9.0.41]
2021-03-12 19:51:11,885 INFO [restartedMain] org.apache.juli.logging.DirectJDKLog Initializing Spring embedded WebApplicationContext
2021-03-12 19:51:11,885 INFO [restartedMain] org.springframework.boot.web.servlet.context.ServletWebServerApplicationContext Root WebApplicationContext: initialization completed in 180 ms
2021-03-12 19:51:11,907 INFO [restartedMain] org.hibernate.jpa.internal.util.LogHelper HHH000204: Processing PersistenceUnitInfo [name: default]
2021-03-12 19:51:11,911 INFO [restartedMain] com.zaxxer.hikari.HikariDataSource HikariPool-5 - Starting...
2021-03-12 19:51:11,958 INFO [restartedMain] com.zaxxer.hikari.HikariDataSource HikariPool-5 - Start completed.
2021-03-12 19:51:11,959 INFO [restartedMain] org.hibernate.dialect.Dialect HHH000400: Using dialect: org.hibernate.dialect.PostgreSQL9Dialect
2021-03-12 19:51:11,993 INFO [restartedMain] org.hibernate.engine.transaction.jta.platform.internal.JtaPlatformInitiator HHH000490: Using JtaPlatform implementation: [org.hibernate.engine.transaction.jta.platform.internal.NoJtaPlatform]
2021-03-12 19:51:11,993 INFO [restartedMain] org.springframework.orm.jpa.AbstractEntityManagerFactoryBean Initialized JPA EntityManagerFactory for persistence unit 'default'
2021-03-12 19:51:12,001 INFO [restartedMain] org.springframework.boot.devtools.autoconfigure.OptionalLiveReloadServer LiveReload server is running on port 35729
2021-03-12 19:51:12,011 WARN [restartedMain] org.springframework.boot.autoconfigure.orm.jpa.JpaBaseConfiguration$JpaWebConfiguration spring.jpa.open-in-view is enabled by default. Therefore, database queries may be performed during view rendering. Explicitly configure spring.jpa.open-in-view to disable this warning
2021-03-12 19:51:12,029 INFO [restartedMain] org.springframework.scheduling.concurrent.ExecutorConfigurationSupport Initializing ExecutorService 'applicationTaskExecutor'
2021-03-12 19:51:12,061 INFO [restartedMain] org.apache.juli.logging.DirectJDKLog Starting ProtocolHandler ["http-nio-8080"]
2021-03-12 19:51:12,063 INFO [restartedMain] org.springframework.boot.web.embedded.tomcat.TomcatWebServer Tomcat started on port(s): 8080 (http) with context path ''
2021-03-12 19:51:12,071 INFO [restartedMain] org.springframework.boot.devtools.autoconfigure.ConditionEvaluationDeltaLoggingListener Condition evaluation unchanged
2021-03-12 19:52:18,309 INFO [Thread-27] org.springframework.scheduling.concurrent.ExecutorConfigurationSupport Shutting down ExecutorService 'applicationTaskExecutor'
2021-03-12 19:52:18,310 INFO [Thread-27] org.springframework.orm.jpa.AbstractEntityManagerFactoryBean Closing JPA EntityManagerFactory for persistence unit 'default'
2021-03-12 19:52:18,311 INFO [Thread-27] com.zaxxer.hikari.HikariDataSource HikariPool-5 - Shutdown initiated...
2021-03-12 19:52:18,317 INFO [Thread-27] com.zaxxer.hikari.HikariDataSource HikariPool-5 - Shutdown completed.
2021-03-12 19:52:18,484 INFO [restartedMain] org.springframework.data.repository.config.RepositoryConfigurationDelegate Bootstrapping Spring Data JPA repositories in DEFAULT mode.
2021-03-12 19:52:18,486 INFO [restartedMain] org.springframework.data.repository.config.RepositoryConfigurationDelegate Finished Spring Data repository scanning in 1 ms. Found 0 JPA repository interfaces.
2021-03-12 19:52:18,536 INFO [restartedMain] org.springframework.boot.web.embedded.tomcat.TomcatWebServer Tomcat initialized with port(s): 8080 (http)
2021-03-12 19:52:18,537 INFO [restartedMain] org.apache.juli.logging.DirectJDKLog Initializing ProtocolHandler ["http-nio-8080"]
2021-03-12 19:52:18,537 INFO [restartedMain] org.apache.juli.logging.DirectJDKLog Starting service [Tomcat]
2021-03-12 19:52:18,537 INFO [restartedMain] org.apache.juli.logging.DirectJDKLog Starting Servlet engine: [Apache Tomcat/9.0.41]
2021-03-12 19:52:18,552 INFO [restartedMain] org.apache.juli.logging.DirectJDKLog Initializing Spring embedded WebApplicationContext
2021-03-12 19:52:18,552 INFO [restartedMain] org.springframework.boot.web.servlet.context.ServletWebServerApplicationContext Root WebApplicationContext: initialization completed in 179 ms
2021-03-12 19:52:18,573 INFO [restartedMain] org.hibernate.jpa.internal.util.LogHelper HHH000204: Processing PersistenceUnitInfo [name: default]
2021-03-12 19:52:18,577 INFO [restartedMain] com.zaxxer.hikari.HikariDataSource HikariPool-6 - Starting...
2021-03-12 19:52:18,621 INFO [restartedMain] com.zaxxer.hikari.HikariDataSource HikariPool-6 - Start completed.
2021-03-12 19:52:18,621 INFO [restartedMain] org.hibernate.dialect.Dialect HHH000400: Using dialect: org.hibernate.dialect.PostgreSQL9Dialect
2021-03-12 19:52:18,657 INFO [restartedMain] org.hibernate.engine.transaction.jta.platform.internal.JtaPlatformInitiator HHH000490: Using JtaPlatform implementation: [org.hibernate.engine.transaction.jta.platform.internal.NoJtaPlatform]
2021-03-12 19:52:18,658 INFO [restartedMain] org.springframework.orm.jpa.AbstractEntityManagerFactoryBean Initialized JPA EntityManagerFactory for persistence unit 'default'
2021-03-12 19:52:18,666 INFO [restartedMain] org.springframework.boot.devtools.autoconfigure.OptionalLiveReloadServer LiveReload server is running on port 35729
2021-03-12 19:52:18,676 WARN [restartedMain] org.springframework.boot.autoconfigure.orm.jpa.JpaBaseConfiguration$JpaWebConfiguration spring.jpa.open-in-view is enabled by default. Therefore, database queries may be performed during view rendering. Explicitly configure spring.jpa.open-in-view to disable this warning
2021-03-12 19:52:18,694 INFO [restartedMain] org.springframework.scheduling.concurrent.ExecutorConfigurationSupport Initializing ExecutorService 'applicationTaskExecutor'
2021-03-12 19:52:18,725 INFO [restartedMain] org.apache.juli.logging.DirectJDKLog Starting ProtocolHandler ["http-nio-8080"]
2021-03-12 19:52:18,729 INFO [restartedMain] org.springframework.boot.web.embedded.tomcat.TomcatWebServer Tomcat started on port(s): 8080 (http) with context path ''
2021-03-12 19:52:18,737 INFO [restartedMain] org.springframework.boot.devtools.autoconfigure.ConditionEvaluationDeltaLoggingListener Condition evaluation unchanged
2021-03-12 19:52:19,136 INFO [RMI TCP Connection(35)-127.0.0.1] org.springframework.boot.admin.SpringApplicationAdminMXBeanRegistrar$SpringApplicationAdmin Application shutdown requested.
2021-03-12 19:52:19,195 INFO [RMI TCP Connection(35)-127.0.0.1] org.springframework.scheduling.concurrent.ExecutorConfigurationSupport Shutting down ExecutorService 'applicationTaskExecutor'
2021-03-12 19:52:19,195 INFO [RMI TCP Connection(35)-127.0.0.1] org.springframework.orm.jpa.AbstractEntityManagerFactoryBean Closing JPA EntityManagerFactory for persistence unit 'default'
2021-03-12 19:52:19,196 INFO [RMI TCP Connection(35)-127.0.0.1] com.zaxxer.hikari.HikariDataSource HikariPool-6 - Shutdown initiated...
2021-03-12 19:52:19,201 INFO [RMI TCP Connection(35)-127.0.0.1] com.zaxxer.hikari.HikariDataSource HikariPool-6 - Shutdown completed.
2021-03-12 19:52:29,489 INFO [restartedMain] org.springframework.boot.logging.DeferredLog Devtools property defaults active! Set 'spring.devtools.add-properties' to 'false' to disable
2021-03-12 19:52:29,489 INFO [restartedMain] org.springframework.boot.logging.DeferredLog For additional web related logging consider setting the 'logging.level.web' property to 'DEBUG'
2021-03-12 19:52:29,981 INFO [restartedMain] org.springframework.data.repository.config.RepositoryConfigurationDelegate Bootstrapping Spring Data JPA repositories in DEFAULT mode.
2021-03-12 19:52:29,992 INFO [restartedMain] org.springframework.data.repository.config.RepositoryConfigurationDelegate Finished Spring Data repository scanning in 5 ms. Found 0 JPA repository interfaces.
2021-03-12 19:52:30,456 INFO [restartedMain] org.springframework.boot.web.embedded.tomcat.TomcatWebServer Tomcat initialized with port(s): 8080 (http)
2021-03-12 19:52:30,466 INFO [restartedMain] org.apache.juli.logging.DirectJDKLog Initializing ProtocolHandler ["http-nio-8080"]
2021-03-12 19:52:30,467 INFO [restartedMain] org.apache.juli.logging.DirectJDKLog Starting service [Tomcat]
2021-03-12 19:52:30,467 INFO [restartedMain] org.apache.juli.logging.DirectJDKLog Starting Servlet engine: [Apache Tomcat/9.0.41]
2021-03-12 19:52:30,535 INFO [restartedMain] org.apache.juli.logging.DirectJDKLog Initializing Spring embedded WebApplicationContext
2021-03-12 19:52:30,535 INFO [restartedMain] org.springframework.boot.web.servlet.context.ServletWebServerApplicationContext Root WebApplicationContext: initialization completed in 1045 ms
2021-03-12 19:52:30,687 INFO [restartedMain] org.hibernate.jpa.internal.util.LogHelper HHH000204: Processing PersistenceUnitInfo [name: default]
2021-03-12 19:52:30,731 INFO [restartedMain] org.hibernate.Version HHH000412: Hibernate ORM core version 5.4.27.Final
2021-03-12 19:52:30,842 INFO [restartedMain] org.hibernate.annotations.common.reflection.java.JavaReflectionManager HCANN000001: Hibernate Commons Annotations {5.1.2.Final}
2021-03-12 19:52:30,928 INFO [restartedMain] com.zaxxer.hikari.HikariDataSource HikariPool-1 - Starting...
2021-03-12 19:52:31,076 INFO [restartedMain] com.zaxxer.hikari.HikariDataSource HikariPool-1 - Start completed.
2021-03-12 19:52:31,091 INFO [restartedMain] org.hibernate.dialect.Dialect HHH000400: Using dialect: org.hibernate.dialect.PostgreSQL9Dialect
2021-03-12 19:52:31,312 INFO [restartedMain] org.hibernate.engine.transaction.jta.platform.internal.JtaPlatformInitiator HHH000490: Using JtaPlatform implementation: [org.hibernate.engine.transaction.jta.platform.internal.NoJtaPlatform]
2021-03-12 19:52:31,319 INFO [restartedMain] org.springframework.orm.jpa.AbstractEntityManagerFactoryBean Initialized JPA EntityManagerFactory for persistence unit 'default'
2021-03-12 19:52:31,353 INFO [restartedMain] org.springframework.boot.devtools.autoconfigure.OptionalLiveReloadServer LiveReload server is running on port 35729
2021-03-12 19:52:31,403 WARN [restartedMain] org.springframework.boot.autoconfigure.orm.jpa.JpaBaseConfiguration$JpaWebConfiguration spring.jpa.open-in-view is enabled by default. Therefore, database queries may be performed during view rendering. Explicitly configure spring.jpa.open-in-view to disable this warning
2021-03-12 19:52:31,495 INFO [restartedMain] org.springframework.scheduling.concurrent.ExecutorConfigurationSupport Initializing ExecutorService 'applicationTaskExecutor'
2021-03-12 19:52:31,666 INFO [restartedMain] org.apache.juli.logging.DirectJDKLog Starting ProtocolHandler ["http-nio-8080"]
2021-03-12 19:52:31,682 INFO [restartedMain] org.springframework.boot.web.embedded.tomcat.TomcatWebServer Tomcat started on port(s): 8080 (http) with context path ''
2021-03-12 19:56:51,503 INFO [Thread-5] org.springframework.scheduling.concurrent.ExecutorConfigurationSupport Shutting down ExecutorService 'applicationTaskExecutor'
2021-03-12 19:56:51,504 INFO [Thread-5] org.springframework.orm.jpa.AbstractEntityManagerFactoryBean Closing JPA EntityManagerFactory for persistence unit 'default'
2021-03-12 19:56:51,506 INFO [Thread-5] com.zaxxer.hikari.HikariDataSource HikariPool-1 - Shutdown initiated...
2021-03-12 19:56:51,513 INFO [Thread-5] com.zaxxer.hikari.HikariDataSource HikariPool-1 - Shutdown completed.
2021-03-12 19:56:51,710 INFO [restartedMain] org.springframework.data.repository.config.RepositoryConfigurationDelegate Bootstrapping Spring Data JPA repositories in DEFAULT mode.
2021-03-12 19:56:51,712 INFO [restartedMain] org.springframework.data.repository.config.RepositoryConfigurationDelegate Finished Spring Data repository scanning in 1 ms. Found 0 JPA repository interfaces.
2021-03-12 19:56:51,773 INFO [restartedMain] org.springframework.boot.web.embedded.tomcat.TomcatWebServer Tomcat initialized with port(s): 8080 (http)
2021-03-12 19:56:51,773 INFO [restartedMain] org.apache.juli.logging.DirectJDKLog Initializing ProtocolHandler ["http-nio-8080"]
2021-03-12 19:56:51,773 INFO [restartedMain] org.apache.juli.logging.DirectJDKLog Starting service [Tomcat]
2021-03-12 19:56:51,774 INFO [restartedMain] org.apache.juli.logging.DirectJDKLog Starting Servlet engine: [Apache Tomcat/9.0.41]
2021-03-12 19:56:51,792 INFO [restartedMain] org.apache.juli.logging.DirectJDKLog Initializing Spring embedded WebApplicationContext
2021-03-12 19:56:51,792 INFO [restartedMain] org.springframework.boot.web.servlet.context.ServletWebServerApplicationContext Root WebApplicationContext: initialization completed in 207 ms
2021-03-12 19:56:51,817 INFO [restartedMain] org.hibernate.jpa.internal.util.LogHelper HHH000204: Processing PersistenceUnitInfo [name: default]
2021-03-12 19:56:51,821 INFO [restartedMain] com.zaxxer.hikari.HikariDataSource HikariPool-2 - Starting...
2021-03-12 19:56:51,868 INFO [restartedMain] com.zaxxer.hikari.HikariDataSource HikariPool-2 - Start completed.
2021-03-12 19:56:51,868 INFO [restartedMain] org.hibernate.dialect.Dialect HHH000400: Using dialect: org.hibernate.dialect.PostgreSQL9Dialect
2021-03-12 19:56:51,906 INFO [restartedMain] org.hibernate.engine.transaction.jta.platform.internal.JtaPlatformInitiator HHH000490: Using JtaPlatform implementation: [org.hibernate.engine.transaction.jta.platform.internal.NoJtaPlatform]
2021-03-12 19:56:51,906 INFO [restartedMain] org.springframework.orm.jpa.AbstractEntityManagerFactoryBean Initialized JPA EntityManagerFactory for persistence unit 'default'
2021-03-12 19:56:51,914 INFO [restartedMain] org.springframework.boot.devtools.autoconfigure.OptionalLiveReloadServer LiveReload server is running on port 35729
2021-03-12 19:56:51,926 WARN [restartedMain] org.springframework.boot.autoconfigure.orm.jpa.JpaBaseConfiguration$JpaWebConfiguration spring.jpa.open-in-view is enabled by default. Therefore, database queries may be performed during view rendering. Explicitly configure spring.jpa.open-in-view to disable this warning
2021-03-12 19:56:51,947 INFO [restartedMain] org.springframework.scheduling.concurrent.ExecutorConfigurationSupport Initializing ExecutorService 'applicationTaskExecutor'
2021-03-12 19:56:51,982 INFO [restartedMain] org.apache.juli.logging.DirectJDKLog Starting ProtocolHandler ["http-nio-8080"]
2021-03-12 19:56:51,985 INFO [restartedMain] org.springframework.boot.web.embedded.tomcat.TomcatWebServer Tomcat started on port(s): 8080 (http) with context path ''
2021-03-12 19:56:51,997 INFO [restartedMain] org.springframework.boot.devtools.autoconfigure.ConditionEvaluationDeltaLoggingListener Condition evaluation unchanged
2021-03-12 19:56:53,592 INFO [RMI TCP Connection(16)-127.0.0.1] org.springframework.boot.admin.SpringApplicationAdminMXBeanRegistrar$SpringApplicationAdmin Application shutdown requested.
2021-03-12 19:56:53,668 INFO [RMI TCP Connection(16)-127.0.0.1] org.springframework.scheduling.concurrent.ExecutorConfigurationSupport Shutting down ExecutorService 'applicationTaskExecutor'
2021-03-12 19:56:53,668 INFO [RMI TCP Connection(16)-127.0.0.1] org.springframework.orm.jpa.AbstractEntityManagerFactoryBean Closing JPA EntityManagerFactory for persistence unit 'default'
2021-03-12 19:56:53,669 INFO [RMI TCP Connection(16)-127.0.0.1] com.zaxxer.hikari.HikariDataSource HikariPool-2 - Shutdown initiated...
2021-03-12 19:56:53,675 INFO [RMI TCP Connection(16)-127.0.0.1] com.zaxxer.hikari.HikariDataSource HikariPool-2 - Shutdown completed.
2021-03-12 19:58:26,288 INFO [restartedMain] org.springframework.boot.logging.DeferredLog : Devtools property defaults active! Set 'spring.devtools.add-properties' to 'false' to disable
2021-03-12 19:58:26,289 INFO [restartedMain] org.springframework.boot.logging.DeferredLog : For additional web related logging consider setting the 'logging.level.web' property to 'DEBUG'
2021-03-12 19:58:26,718 INFO [restartedMain] org.springframework.data.repository.config.RepositoryConfigurationDelegate : Bootstrapping Spring Data JPA repositories in DEFAULT mode.
2021-03-12 19:58:26,730 INFO [restartedMain] org.springframework.data.repository.config.RepositoryConfigurationDelegate : Finished Spring Data repository scanning in 5 ms. Found 0 JPA repository interfaces.
2021-03-12 19:58:27,200 INFO [restartedMain] org.springframework.boot.web.embedded.tomcat.TomcatWebServer : Tomcat initialized with port(s): 8080 (http)
2021-03-12 19:58:27,208 INFO [restartedMain] org.apache.juli.logging.DirectJDKLog : Initializing ProtocolHandler ["http-nio-8080"]
2021-03-12 19:58:27,209 INFO [restartedMain] org.apache.juli.logging.DirectJDKLog : Starting service [Tomcat]
2021-03-12 19:58:27,209 INFO [restartedMain] org.apache.juli.logging.DirectJDKLog : Starting Servlet engine: [Apache Tomcat/9.0.41]
2021-03-12 19:58:27,285 INFO [restartedMain] org.apache.juli.logging.DirectJDKLog : Initializing Spring embedded WebApplicationContext
2021-03-12 19:58:27,286 INFO [restartedMain] org.springframework.boot.web.servlet.context.ServletWebServerApplicationContext : Root WebApplicationContext: initialization completed in 997 ms
2021-03-12 19:58:27,437 INFO [restartedMain] org.hibernate.jpa.internal.util.LogHelper : HHH000204: Processing PersistenceUnitInfo [name: default]
2021-03-12 19:58:27,478 INFO [restartedMain] org.hibernate.Version : HHH000412: Hibernate ORM core version 5.4.27.Final
2021-03-12 19:58:27,586 INFO [restartedMain] org.hibernate.annotations.common.reflection.java.JavaReflectionManager : HCANN000001: Hibernate Commons Annotations {5.1.2.Final}
2021-03-12 19:58:27,670 INFO [restartedMain] com.zaxxer.hikari.HikariDataSource : HikariPool-1 - Starting...
2021-03-12 19:58:27,828 INFO [restartedMain] com.zaxxer.hikari.HikariDataSource : HikariPool-1 - Start completed.
2021-03-12 19:58:27,843 INFO [restartedMain] org.hibernate.dialect.Dialect : HHH000400: Using dialect: org.hibernate.dialect.PostgreSQL9Dialect
2021-03-12 19:58:28,049 INFO [restartedMain] org.hibernate.engine.transaction.jta.platform.internal.JtaPlatformInitiator : HHH000490: Using JtaPlatform implementation: [org.hibernate.engine.transaction.jta.platform.internal.NoJtaPlatform]
2021-03-12 19:58:28,057 INFO [restartedMain] org.springframework.orm.jpa.AbstractEntityManagerFactoryBean : Initialized JPA EntityManagerFactory for persistence unit 'default'
2021-03-12 19:58:28,084 INFO [restartedMain] org.springframework.boot.devtools.autoconfigure.OptionalLiveReloadServer : LiveReload server is running on port 35729
2021-03-12 19:58:28,126 WARN [restartedMain] org.springframework.boot.autoconfigure.orm.jpa.JpaBaseConfiguration$JpaWebConfiguration : spring.jpa.open-in-view is enabled by default. Therefore, database queries may be performed during view rendering. Explicitly configure spring.jpa.open-in-view to disable this warning
2021-03-12 19:58:28,215 INFO [restartedMain] org.springframework.scheduling.concurrent.ExecutorConfigurationSupport : Initializing ExecutorService 'applicationTaskExecutor'
2021-03-12 19:58:28,388 INFO [restartedMain] org.apache.juli.logging.DirectJDKLog : Starting ProtocolHandler ["http-nio-8080"]
2021-03-12 19:58:28,404 INFO [restartedMain] org.springframework.boot.web.embedded.tomcat.TomcatWebServer : Tomcat started on port(s): 8080 (http) with context path ''
2021-03-12 21:30:39,415 INFO [RMI TCP Connection(100)-127.0.0.1] org.springframework.boot.admin.SpringApplicationAdminMXBeanRegistrar$SpringApplicationAdmin : Application shutdown requested.
2021-03-12 21:30:39,482 INFO [RMI TCP Connection(100)-127.0.0.1] org.springframework.scheduling.concurrent.ExecutorConfigurationSupport : Shutting down ExecutorService 'applicationTaskExecutor'
2021-03-12 21:30:39,482 INFO [RMI TCP Connection(100)-127.0.0.1] org.springframework.orm.jpa.AbstractEntityManagerFactoryBean : Closing JPA EntityManagerFactory for persistence unit 'default'
2021-03-12 21:30:39,485 INFO [RMI TCP Connection(100)-127.0.0.1] com.zaxxer.hikari.HikariDataSource : HikariPool-1 - Shutdown initiated...
2021-03-12 21:30:39,492 INFO [RMI TCP Connection(100)-127.0.0.1] com.zaxxer.hikari.HikariDataSource : HikariPool-1 - Shutdown completed.
