2021-07-21 12:53:11,254 INFO [restartedMain] org.springframework.boot.StartupInfoLogger : Starting AuthServiceApplication using Java 11.0.9 on OPTIMUS with PID 2764 (C:\Users\Silverio\Documents\workspace-spring-tool-suite-4-4.7.1.RELEASE\AuthService\target\classes started by Silverio in C:\Users\Silverio\Documents\workspace-spring-tool-suite-4-4.7.1.RELEASE\AuthService)
2021-07-21 12:53:11,260 DEBUG [restartedMain] org.springframework.boot.StartupInfoLogger : Running with Spring Boot v2.4.2, Spring v5.3.3
2021-07-21 12:53:11,260 INFO [restartedMain] org.springframework.boot.SpringApplication : No active profile set, falling back to default profiles: default
2021-07-21 12:53:11,309 INFO [restartedMain] org.springframework.boot.logging.DeferredLog : Devtools property defaults active! Set 'spring.devtools.add-properties' to 'false' to disable
2021-07-21 12:53:11,309 INFO [restartedMain] org.springframework.boot.logging.DeferredLog : For additional web related logging consider setting the 'logging.level.web' property to 'DEBUG'
2021-07-21 12:53:12,081 INFO [restartedMain] org.springframework.data.repository.config.RepositoryConfigurationDelegate : Bootstrapping Spring Data JPA repositories in DEFAULT mode.
2021-07-21 12:53:12,172 INFO [restartedMain] org.springframework.data.repository.config.RepositoryConfigurationDelegate : Finished Spring Data repository scanning in 80 ms. Found 3 JPA repository interfaces.
2021-07-21 12:53:12,753 INFO [restartedMain] org.springframework.boot.web.embedded.tomcat.TomcatWebServer : Tomcat initialized with port(s): 8080 (http)
2021-07-21 12:53:12,765 INFO [restartedMain] org.apache.juli.logging.DirectJDKLog : Initializing ProtocolHandler ["http-nio-8080"]
2021-07-21 12:53:12,766 INFO [restartedMain] org.apache.juli.logging.DirectJDKLog : Starting service [Tomcat]
2021-07-21 12:53:12,766 INFO [restartedMain] org.apache.juli.logging.DirectJDKLog : Starting Servlet engine: [Apache Tomcat/9.0.41]
2021-07-21 12:53:12,872 INFO [restartedMain] org.apache.juli.logging.DirectJDKLog : Initializing Spring embedded WebApplicationContext
2021-07-21 12:53:12,872 INFO [restartedMain] org.springframework.boot.web.servlet.context.ServletWebServerApplicationContext : Root WebApplicationContext: initialization completed in 1562 ms
2021-07-21 12:53:13,133 INFO [restartedMain] org.hibernate.jpa.internal.util.LogHelper : HHH000204: Processing PersistenceUnitInfo [name: default]
2021-07-21 12:53:13,231 INFO [restartedMain] org.hibernate.Version : HHH000412: Hibernate ORM core version 5.4.27.Final
2021-07-21 12:53:13,468 INFO [restartedMain] org.hibernate.annotations.common.reflection.java.JavaReflectionManager : HCANN000001: Hibernate Commons Annotations {5.1.2.Final}
2021-07-21 12:53:13,594 INFO [restartedMain] com.zaxxer.hikari.HikariDataSource : HikariPool-1 - Starting...
2021-07-21 12:53:13,764 INFO [restartedMain] com.zaxxer.hikari.HikariDataSource : HikariPool-1 - Start completed.
2021-07-21 12:53:13,787 INFO [restartedMain] org.hibernate.dialect.Dialect : HHH000400: Using dialect: org.hibernate.dialect.PostgreSQL9Dialect
2021-07-21 12:53:15,079 INFO [restartedMain] org.hibernate.engine.transaction.jta.platform.internal.JtaPlatformInitiator : HHH000490: Using JtaPlatform implementation: [org.hibernate.engine.transaction.jta.platform.internal.NoJtaPlatform]
2021-07-21 12:53:15,088 INFO [restartedMain] org.springframework.orm.jpa.AbstractEntityManagerFactoryBean : Initialized JPA EntityManagerFactory for persistence unit 'default'
2021-07-21 12:53:15,121 INFO [restartedMain] org.springframework.boot.devtools.autoconfigure.OptionalLiveReloadServer : LiveReload server is running on port 35729
2021-07-21 12:53:16,190 INFO [restartedMain] org.springframework.scheduling.concurrent.ExecutorConfigurationSupport : Initializing ExecutorService 'applicationTaskExecutor'
2021-07-21 12:53:16,425 INFO [restartedMain] org.apache.juli.logging.DirectJDKLog : Starting ProtocolHandler ["http-nio-8080"]
2021-07-21 12:53:16,453 INFO [restartedMain] org.springframework.boot.web.embedded.tomcat.TomcatWebServer : Tomcat started on port(s): 8080 (http) with context path '/api'
2021-07-21 12:53:16,463 INFO [restartedMain] org.springframework.boot.StartupInfoLogger : Started AuthServiceApplication in 6.508 seconds (JVM running for 7.55)
2021-07-21 12:53:28,616 INFO [http-nio-8080-exec-2] org.apache.juli.logging.DirectJDKLog : Initializing Spring DispatcherServlet 'dispatcherServlet'
2021-07-21 12:53:28,617 INFO [http-nio-8080-exec-2] org.springframework.web.servlet.FrameworkServlet : Initializing Servlet 'dispatcherServlet'
2021-07-21 12:53:28,617 INFO [http-nio-8080-exec-2] org.springframework.web.servlet.FrameworkServlet : Completed initialization in 0 ms
2021-07-21 13:22:31,495 INFO [restartedMain] org.springframework.boot.StartupInfoLogger : Starting AuthServiceApplication using Java 11.0.9 on OPTIMUS with PID 7572 (C:\Users\Silverio\Documents\workspace-spring-tool-suite-4-4.7.1.RELEASE\AuthService\target\classes started by Silverio in C:\Users\Silverio\Documents\workspace-spring-tool-suite-4-4.7.1.RELEASE\AuthService)
2021-07-21 13:22:31,498 DEBUG [restartedMain] org.springframework.boot.StartupInfoLogger : Running with Spring Boot v2.4.2, Spring v5.3.3
2021-07-21 13:22:31,500 INFO [restartedMain] org.springframework.boot.SpringApplication : No active profile set, falling back to default profiles: default
2021-07-21 13:22:31,542 INFO [restartedMain] org.springframework.boot.logging.DeferredLog : Devtools property defaults active! Set 'spring.devtools.add-properties' to 'false' to disable
2021-07-21 13:22:31,542 INFO [restartedMain] org.springframework.boot.logging.DeferredLog : For additional web related logging consider setting the 'logging.level.web' property to 'DEBUG'
2021-07-21 13:22:32,106 INFO [restartedMain] org.springframework.data.repository.config.RepositoryConfigurationDelegate : Bootstrapping Spring Data JPA repositories in DEFAULT mode.
2021-07-21 13:22:32,181 INFO [restartedMain] org.springframework.data.repository.config.RepositoryConfigurationDelegate : Finished Spring Data repository scanning in 68 ms. Found 3 JPA repository interfaces.
2021-07-21 13:22:32,687 INFO [restartedMain] org.springframework.boot.web.embedded.tomcat.TomcatWebServer : Tomcat initialized with port(s): 8080 (http)
2021-07-21 13:22:32,698 INFO [restartedMain] org.apache.juli.logging.DirectJDKLog : Initializing ProtocolHandler ["http-nio-8080"]
2021-07-21 13:22:32,698 INFO [restartedMain] org.apache.juli.logging.DirectJDKLog : Starting service [Tomcat]
2021-07-21 13:22:32,699 INFO [restartedMain] org.apache.juli.logging.DirectJDKLog : Starting Servlet engine: [Apache Tomcat/9.0.41]
2021-07-21 13:22:32,774 INFO [restartedMain] org.apache.juli.logging.DirectJDKLog : Initializing Spring embedded WebApplicationContext
2021-07-21 13:22:32,774 INFO [restartedMain] org.springframework.boot.web.servlet.context.ServletWebServerApplicationContext : Root WebApplicationContext: initialization completed in 1231 ms
2021-07-21 13:22:32,948 INFO [restartedMain] org.hibernate.jpa.internal.util.LogHelper : HHH000204: Processing PersistenceUnitInfo [name: default]
2021-07-21 13:22:32,997 INFO [restartedMain] org.hibernate.Version : HHH000412: Hibernate ORM core version 5.4.27.Final
2021-07-21 13:22:33,134 INFO [restartedMain] org.hibernate.annotations.common.reflection.java.JavaReflectionManager : HCANN000001: Hibernate Commons Annotations {5.1.2.Final}
2021-07-21 13:22:33,230 INFO [restartedMain] com.zaxxer.hikari.HikariDataSource : HikariPool-1 - Starting...
2021-07-21 13:22:33,404 INFO [restartedMain] com.zaxxer.hikari.HikariDataSource : HikariPool-1 - Start completed.
2021-07-21 13:22:33,421 INFO [restartedMain] org.hibernate.dialect.Dialect : HHH000400: Using dialect: org.hibernate.dialect.PostgreSQL9Dialect
2021-07-21 13:22:34,405 INFO [restartedMain] org.hibernate.engine.transaction.jta.platform.internal.JtaPlatformInitiator : HHH000490: Using JtaPlatform implementation: [org.hibernate.engine.transaction.jta.platform.internal.NoJtaPlatform]
2021-07-21 13:22:34,412 INFO [restartedMain] org.springframework.orm.jpa.AbstractEntityManagerFactoryBean : Initialized JPA EntityManagerFactory for persistence unit 'default'
2021-07-21 13:22:34,441 INFO [restartedMain] org.springframework.boot.devtools.autoconfigure.OptionalLiveReloadServer : LiveReload server is running on port 35729
2021-07-21 13:22:34,990 INFO [restartedMain] org.springframework.scheduling.concurrent.ExecutorConfigurationSupport : Initializing ExecutorService 'applicationTaskExecutor'
2021-07-21 13:22:35,191 INFO [restartedMain] org.apache.juli.logging.DirectJDKLog : Starting ProtocolHandler ["http-nio-8080"]
2021-07-21 13:22:35,209 INFO [restartedMain] org.springframework.boot.web.embedded.tomcat.TomcatWebServer : Tomcat started on port(s): 8080 (http) with context path '/api'
2021-07-21 13:22:35,217 INFO [restartedMain] org.springframework.boot.StartupInfoLogger : Started AuthServiceApplication in 4.115 seconds (JVM running for 5.087)
2021-07-21 13:22:39,118 INFO [http-nio-8080-exec-1] org.apache.juli.logging.DirectJDKLog : Initializing Spring DispatcherServlet 'dispatcherServlet'
2021-07-21 13:22:39,119 INFO [http-nio-8080-exec-1] org.springframework.web.servlet.FrameworkServlet : Initializing Servlet 'dispatcherServlet'
2021-07-21 13:22:39,121 INFO [http-nio-8080-exec-1] org.springframework.web.servlet.FrameworkServlet : Completed initialization in 1 ms
2021-07-21 13:22:44,349 INFO [RMI TCP Connection(8)-127.0.0.1] org.springframework.boot.admin.SpringApplicationAdminMXBeanRegistrar$SpringApplicationAdmin : Application shutdown requested.
2021-07-21 13:22:44,545 INFO [RMI TCP Connection(8)-127.0.0.1] org.springframework.scheduling.concurrent.ExecutorConfigurationSupport : Shutting down ExecutorService 'applicationTaskExecutor'
2021-07-21 13:22:44,546 INFO [RMI TCP Connection(8)-127.0.0.1] org.springframework.orm.jpa.AbstractEntityManagerFactoryBean : Closing JPA EntityManagerFactory for persistence unit 'default'
2021-07-21 13:22:44,549 INFO [RMI TCP Connection(8)-127.0.0.1] com.zaxxer.hikari.HikariDataSource : HikariPool-1 - Shutdown initiated...
2021-07-21 13:22:44,558 INFO [RMI TCP Connection(8)-127.0.0.1] com.zaxxer.hikari.HikariDataSource : HikariPool-1 - Shutdown completed.
2021-07-21 14:12:26,661 INFO [restartedMain] org.springframework.boot.StartupInfoLogger : Starting AuthServiceApplication using Java 11.0.9 on OPTIMUS with PID 18068 (C:\Users\Silverio\Documents\workspace-spring-tool-suite-4-4.7.1.RELEASE\AuthService\target\classes started by Silverio in C:\Users\Silverio\Documents\workspace-spring-tool-suite-4-4.7.1.RELEASE\AuthService)
2021-07-21 14:12:26,668 DEBUG [restartedMain] org.springframework.boot.StartupInfoLogger : Running with Spring Boot v2.4.2, Spring v5.3.3
2021-07-21 14:12:26,668 INFO [restartedMain] org.springframework.boot.SpringApplication : No active profile set, falling back to default profiles: default
2021-07-21 14:12:26,712 INFO [restartedMain] org.springframework.boot.logging.DeferredLog : Devtools property defaults active! Set 'spring.devtools.add-properties' to 'false' to disable
2021-07-21 14:12:26,713 INFO [restartedMain] org.springframework.boot.logging.DeferredLog : For additional web related logging consider setting the 'logging.level.web' property to 'DEBUG'
2021-07-21 14:12:27,337 INFO [restartedMain] org.springframework.data.repository.config.RepositoryConfigurationDelegate : Bootstrapping Spring Data JPA repositories in DEFAULT mode.
2021-07-21 14:12:27,427 INFO [restartedMain] org.springframework.data.repository.config.RepositoryConfigurationDelegate : Finished Spring Data repository scanning in 81 ms. Found 3 JPA repository interfaces.
2021-07-21 14:12:27,933 INFO [restartedMain] org.springframework.boot.web.embedded.tomcat.TomcatWebServer : Tomcat initialized with port(s): 8080 (http)
2021-07-21 14:12:27,942 INFO [restartedMain] org.apache.juli.logging.DirectJDKLog : Initializing ProtocolHandler ["http-nio-8080"]
2021-07-21 14:12:27,943 INFO [restartedMain] org.apache.juli.logging.DirectJDKLog : Starting service [Tomcat]
2021-07-21 14:12:27,943 INFO [restartedMain] org.apache.juli.logging.DirectJDKLog : Starting Servlet engine: [Apache Tomcat/9.0.41]
2021-07-21 14:12:28,031 INFO [restartedMain] org.apache.juli.logging.DirectJDKLog : Initializing Spring embedded WebApplicationContext
2021-07-21 14:12:28,031 INFO [restartedMain] org.springframework.boot.web.servlet.context.ServletWebServerApplicationContext : Root WebApplicationContext: initialization completed in 1318 ms
2021-07-21 14:12:28,231 INFO [restartedMain] org.hibernate.jpa.internal.util.LogHelper : HHH000204: Processing PersistenceUnitInfo [name: default]
2021-07-21 14:12:28,288 INFO [restartedMain] org.hibernate.Version : HHH000412: Hibernate ORM core version 5.4.27.Final
2021-07-21 14:12:28,427 INFO [restartedMain] org.hibernate.annotations.common.reflection.java.JavaReflectionManager : HCANN000001: Hibernate Commons Annotations {5.1.2.Final}
2021-07-21 14:12:28,529 INFO [restartedMain] com.zaxxer.hikari.HikariDataSource : HikariPool-1 - Starting...
2021-07-21 14:12:28,683 INFO [restartedMain] com.zaxxer.hikari.HikariDataSource : HikariPool-1 - Start completed.
2021-07-21 14:12:28,701 INFO [restartedMain] org.hibernate.dialect.Dialect : HHH000400: Using dialect: org.hibernate.dialect.PostgreSQL9Dialect
2021-07-21 14:12:29,727 INFO [restartedMain] org.hibernate.engine.transaction.jta.platform.internal.JtaPlatformInitiator : HHH000490: Using JtaPlatform implementation: [org.hibernate.engine.transaction.jta.platform.internal.NoJtaPlatform]
2021-07-21 14:12:29,735 INFO [restartedMain] org.springframework.orm.jpa.AbstractEntityManagerFactoryBean : Initialized JPA EntityManagerFactory for persistence unit 'default'
2021-07-21 14:12:29,766 INFO [restartedMain] org.springframework.boot.devtools.autoconfigure.OptionalLiveReloadServer : LiveReload server is running on port 35729
2021-07-21 14:12:30,351 INFO [restartedMain] org.springframework.scheduling.concurrent.ExecutorConfigurationSupport : Initializing ExecutorService 'applicationTaskExecutor'
2021-07-21 14:12:30,555 INFO [restartedMain] org.apache.juli.logging.DirectJDKLog : Starting ProtocolHandler ["http-nio-8080"]
2021-07-21 14:12:30,578 INFO [restartedMain] org.springframework.boot.web.embedded.tomcat.TomcatWebServer : Tomcat started on port(s): 8080 (http) with context path '/api'
2021-07-21 14:12:30,593 INFO [restartedMain] org.springframework.boot.StartupInfoLogger : Started AuthServiceApplication in 4.377 seconds (JVM running for 5.354)
2021-07-21 14:12:53,845 INFO [http-nio-8080-exec-1] org.apache.juli.logging.DirectJDKLog : Initializing Spring DispatcherServlet 'dispatcherServlet'
2021-07-21 14:12:53,847 INFO [http-nio-8080-exec-1] org.springframework.web.servlet.FrameworkServlet : Initializing Servlet 'dispatcherServlet'
2021-07-21 14:12:53,847 INFO [http-nio-8080-exec-1] org.springframework.web.servlet.FrameworkServlet : Completed initialization in 0 ms
2021-07-21 14:12:53,942 ERROR [http-nio-8080-exec-1] net.atopecode.authservice.controller.exceptionhandler.ExceptionHandlerComponent : RUNTIMEEXCEPTION NO CONTROLADA por el ServicioWeb: JSON parse error: Unexpected character ('}' (code 125)): was expecting double-quote to start field name; nested exception is com.fasterxml.jackson.core.JsonParseException: Unexpected character ('}' (code 125)): was expecting double-quote to start field name
 at [Source: (PushbackInputStream); line: 5, column: 2]
2021-07-21 14:12:53,969 WARN [http-nio-8080-exec-1] org.springframework.web.servlet.handler.AbstractHandlerExceptionResolver : Resolved [org.springframework.http.converter.HttpMessageNotReadableException: JSON parse error: Unexpected character ('}' (code 125)): was expecting double-quote to start field name; nested exception is com.fasterxml.jackson.core.JsonParseException: Unexpected character ('}' (code 125)): was expecting double-quote to start field name
 at [Source: (PushbackInputStream); line: 5, column: 2]]
2021-07-21 14:18:06,322 INFO [Thread-5] org.springframework.scheduling.concurrent.ExecutorConfigurationSupport : Shutting down ExecutorService 'applicationTaskExecutor'
2021-07-21 14:18:06,323 INFO [Thread-5] org.springframework.orm.jpa.AbstractEntityManagerFactoryBean : Closing JPA EntityManagerFactory for persistence unit 'default'
2021-07-21 14:18:06,328 INFO [Thread-5] com.zaxxer.hikari.HikariDataSource : HikariPool-1 - Shutdown initiated...
2021-07-21 14:18:06,338 INFO [Thread-5] com.zaxxer.hikari.HikariDataSource : HikariPool-1 - Shutdown completed.
2021-07-21 14:18:06,438 INFO [restartedMain] org.springframework.boot.StartupInfoLogger : Starting AuthServiceApplication using Java 11.0.9 on OPTIMUS with PID 18068 (C:\Users\Silverio\Documents\workspace-spring-tool-suite-4-4.7.1.RELEASE\AuthService\target\classes started by Silverio in C:\Users\Silverio\Documents\workspace-spring-tool-suite-4-4.7.1.RELEASE\AuthService)
2021-07-21 14:18:06,438 DEBUG [restartedMain] org.springframework.boot.StartupInfoLogger : Running with Spring Boot v2.4.2, Spring v5.3.3
2021-07-21 14:18:06,438 INFO [restartedMain] org.springframework.boot.SpringApplication : No active profile set, falling back to default profiles: default
2021-07-21 14:18:06,673 INFO [restartedMain] org.springframework.data.repository.config.RepositoryConfigurationDelegate : Bootstrapping Spring Data JPA repositories in DEFAULT mode.
2021-07-21 14:18:06,710 INFO [restartedMain] org.springframework.data.repository.config.RepositoryConfigurationDelegate : Finished Spring Data repository scanning in 37 ms. Found 3 JPA repository interfaces.
2021-07-21 14:18:06,795 INFO [restartedMain] org.springframework.boot.web.embedded.tomcat.TomcatWebServer : Tomcat initialized with port(s): 8080 (http)
2021-07-21 14:18:06,796 INFO [restartedMain] org.apache.juli.logging.DirectJDKLog : Initializing ProtocolHandler ["http-nio-8080"]
2021-07-21 14:18:06,796 INFO [restartedMain] org.apache.juli.logging.DirectJDKLog : Starting service [Tomcat]
2021-07-21 14:18:06,796 INFO [restartedMain] org.apache.juli.logging.DirectJDKLog : Starting Servlet engine: [Apache Tomcat/9.0.41]
2021-07-21 14:18:06,815 INFO [restartedMain] org.apache.juli.logging.DirectJDKLog : Initializing Spring embedded WebApplicationContext
2021-07-21 14:18:06,815 INFO [restartedMain] org.springframework.boot.web.servlet.context.ServletWebServerApplicationContext : Root WebApplicationContext: initialization completed in 373 ms
2021-07-21 14:18:06,860 INFO [restartedMain] org.hibernate.jpa.internal.util.LogHelper : HHH000204: Processing PersistenceUnitInfo [name: default]
2021-07-21 14:18:06,870 INFO [restartedMain] com.zaxxer.hikari.HikariDataSource : HikariPool-2 - Starting...
2021-07-21 14:18:06,920 INFO [restartedMain] com.zaxxer.hikari.HikariDataSource : HikariPool-2 - Start completed.
2021-07-21 14:18:06,920 INFO [restartedMain] org.hibernate.dialect.Dialect : HHH000400: Using dialect: org.hibernate.dialect.PostgreSQL9Dialect
2021-07-21 14:18:07,360 INFO [restartedMain] org.hibernate.engine.transaction.jta.platform.internal.JtaPlatformInitiator : HHH000490: Using JtaPlatform implementation: [org.hibernate.engine.transaction.jta.platform.internal.NoJtaPlatform]
2021-07-21 14:18:07,361 INFO [restartedMain] org.springframework.orm.jpa.AbstractEntityManagerFactoryBean : Initialized JPA EntityManagerFactory for persistence unit 'default'
2021-07-21 14:18:07,374 INFO [restartedMain] org.springframework.boot.devtools.autoconfigure.OptionalLiveReloadServer : LiveReload server is running on port 35729
2021-07-21 14:18:07,654 INFO [restartedMain] org.springframework.scheduling.concurrent.ExecutorConfigurationSupport : Initializing ExecutorService 'applicationTaskExecutor'
2021-07-21 14:18:07,698 INFO [restartedMain] org.apache.juli.logging.DirectJDKLog : Starting ProtocolHandler ["http-nio-8080"]
2021-07-21 14:18:07,702 INFO [restartedMain] org.springframework.boot.web.embedded.tomcat.TomcatWebServer : Tomcat started on port(s): 8080 (http) with context path '/api'
2021-07-21 14:18:07,706 INFO [restartedMain] org.springframework.boot.StartupInfoLogger : Started AuthServiceApplication in 1.306 seconds (JVM running for 342.466)
2021-07-21 14:18:07,709 INFO [restartedMain] org.springframework.boot.devtools.autoconfigure.ConditionEvaluationDeltaLoggingListener : Condition evaluation unchanged
