2021-03-30 14:16:12,395 INFO [restartedMain] org.springframework.boot.StartupInfoLogger : Starting AuthServiceApplication using Java 11.0.9 on OPTIMUS with PID 6032 (C:\Users\Silverio\Documents\workspace-spring-tool-suite-4-4.7.1.RELEASE\AuthService\target\classes started by Silverio in C:\Users\Silverio\Documents\workspace-spring-tool-suite-4-4.7.1.RELEASE\AuthService)
2021-03-30 14:16:12,399 DEBUG [restartedMain] org.springframework.boot.StartupInfoLogger : Running with Spring Boot v2.4.2, Spring v5.3.3
2021-03-30 14:16:12,400 INFO [restartedMain] org.springframework.boot.SpringApplication : No active profile set, falling back to default profiles: default
2021-03-30 14:16:12,434 INFO [restartedMain] org.springframework.boot.logging.DeferredLog : Devtools property defaults active! Set 'spring.devtools.add-properties' to 'false' to disable
2021-03-30 14:16:12,434 INFO [restartedMain] org.springframework.boot.logging.DeferredLog : For additional web related logging consider setting the 'logging.level.web' property to 'DEBUG'
2021-03-30 14:16:12,999 INFO [restartedMain] org.springframework.data.repository.config.RepositoryConfigurationDelegate : Bootstrapping Spring Data JPA repositories in DEFAULT mode.
2021-03-30 14:16:13,048 INFO [restartedMain] org.springframework.data.repository.config.RepositoryConfigurationDelegate : Finished Spring Data repository scanning in 41 ms. Found 1 JPA repository interfaces.
2021-03-30 14:16:13,556 INFO [restartedMain] org.springframework.boot.web.embedded.tomcat.TomcatWebServer : Tomcat initialized with port(s): 8080 (http)
2021-03-30 14:16:13,564 INFO [restartedMain] org.apache.juli.logging.DirectJDKLog : Initializing ProtocolHandler ["http-nio-8080"]
2021-03-30 14:16:13,565 INFO [restartedMain] org.apache.juli.logging.DirectJDKLog : Starting service [Tomcat]
2021-03-30 14:16:13,565 INFO [restartedMain] org.apache.juli.logging.DirectJDKLog : Starting Servlet engine: [Apache Tomcat/9.0.41]
2021-03-30 14:16:13,639 INFO [restartedMain] org.apache.juli.logging.DirectJDKLog : Initializing Spring embedded WebApplicationContext
2021-03-30 14:16:13,639 INFO [restartedMain] org.springframework.boot.web.servlet.context.ServletWebServerApplicationContext : Root WebApplicationContext: initialization completed in 1204 ms
2021-03-30 14:16:13,803 INFO [restartedMain] org.hibernate.jpa.internal.util.LogHelper : HHH000204: Processing PersistenceUnitInfo [name: default]
2021-03-30 14:16:13,848 INFO [restartedMain] org.hibernate.Version : HHH000412: Hibernate ORM core version 5.4.27.Final
2021-03-30 14:16:13,981 INFO [restartedMain] org.hibernate.annotations.common.reflection.java.JavaReflectionManager : HCANN000001: Hibernate Commons Annotations {5.1.2.Final}
2021-03-30 14:16:14,095 INFO [restartedMain] com.zaxxer.hikari.HikariDataSource : HikariPool-1 - Starting...
2021-03-30 14:16:14,259 INFO [restartedMain] com.zaxxer.hikari.HikariDataSource : HikariPool-1 - Start completed.
2021-03-30 14:16:14,275 INFO [restartedMain] org.hibernate.dialect.Dialect : HHH000400: Using dialect: org.hibernate.dialect.PostgreSQL9Dialect
2021-03-30 14:16:14,799 WARN [restartedMain] org.hibernate.tool.schema.internal.ExceptionHandlerLoggedImpl : GenerationTarget encountered exception accepting command : Error executing DDL "create table user (id  bigserial not null, email varchar(255), name varchar(255), nm_email varchar(255), nm_name varchar(255), nm_real_name varchar(255), password varchar(255), real_name varchar(255), version int8 not null, primary key (id))" via JDBC Statement
org.hibernate.tool.schema.spi.CommandAcceptanceException: Error executing DDL "create table user (id  bigserial not null, email varchar(255), name varchar(255), nm_email varchar(255), nm_name varchar(255), nm_real_name varchar(255), password varchar(255), real_name varchar(255), version int8 not null, primary key (id))" via JDBC Statement
	at org.hibernate.tool.schema.internal.exec.GenerationTargetToDatabase.accept(GenerationTargetToDatabase.java:67)
	at org.hibernate.tool.schema.internal.AbstractSchemaMigrator.applySqlString(AbstractSchemaMigrator.java:559)
	at org.hibernate.tool.schema.internal.AbstractSchemaMigrator.applySqlStrings(AbstractSchemaMigrator.java:504)
	at org.hibernate.tool.schema.internal.AbstractSchemaMigrator.createTable(AbstractSchemaMigrator.java:277)
	at org.hibernate.tool.schema.internal.GroupedSchemaMigratorImpl.performTablesMigration(GroupedSchemaMigratorImpl.java:71)
	at org.hibernate.tool.schema.internal.AbstractSchemaMigrator.performMigration(AbstractSchemaMigrator.java:207)
	at org.hibernate.tool.schema.internal.AbstractSchemaMigrator.doMigration(AbstractSchemaMigrator.java:114)
	at org.hibernate.tool.schema.spi.SchemaManagementToolCoordinator.performDatabaseAction(SchemaManagementToolCoordinator.java:184)
	at org.hibernate.tool.schema.spi.SchemaManagementToolCoordinator.process(SchemaManagementToolCoordinator.java:73)
	at org.hibernate.internal.SessionFactoryImpl.<init>(SessionFactoryImpl.java:316)
	at org.hibernate.boot.internal.SessionFactoryBuilderImpl.build(SessionFactoryBuilderImpl.java:469)
	at org.hibernate.jpa.boot.internal.EntityManagerFactoryBuilderImpl.build(EntityManagerFactoryBuilderImpl.java:1259)
	at org.springframework.orm.jpa.vendor.SpringHibernateJpaPersistenceProvider.createContainerEntityManagerFactory(SpringHibernateJpaPersistenceProvider.java:58)
	at org.springframework.orm.jpa.LocalContainerEntityManagerFactoryBean.createNativeEntityManagerFactory(LocalContainerEntityManagerFactoryBean.java:365)
	at org.springframework.orm.jpa.AbstractEntityManagerFactoryBean.buildNativeEntityManagerFactory(AbstractEntityManagerFactoryBean.java:409)
	at org.springframework.orm.jpa.AbstractEntityManagerFactoryBean.afterPropertiesSet(AbstractEntityManagerFactoryBean.java:396)
	at org.springframework.orm.jpa.LocalContainerEntityManagerFactoryBean.afterPropertiesSet(LocalContainerEntityManagerFactoryBean.java:341)
	at org.springframework.beans.factory.support.AbstractAutowireCapableBeanFactory.invokeInitMethods(AbstractAutowireCapableBeanFactory.java:1847)
	at org.springframework.beans.factory.support.AbstractAutowireCapableBeanFactory.initializeBean(AbstractAutowireCapableBeanFactory.java:1784)
	at org.springframework.beans.factory.support.AbstractAutowireCapableBeanFactory.doCreateBean(AbstractAutowireCapableBeanFactory.java:609)
	at org.springframework.beans.factory.support.AbstractAutowireCapableBeanFactory.createBean(AbstractAutowireCapableBeanFactory.java:531)
	at org.springframework.beans.factory.support.AbstractBeanFactory.lambda$doGetBean$0(AbstractBeanFactory.java:335)
	at org.springframework.beans.factory.support.DefaultSingletonBeanRegistry.getSingleton(DefaultSingletonBeanRegistry.java:234)
	at org.springframework.beans.factory.support.AbstractBeanFactory.doGetBean(AbstractBeanFactory.java:333)
	at org.springframework.beans.factory.support.AbstractBeanFactory.getBean(AbstractBeanFactory.java:208)
	at org.springframework.context.support.AbstractApplicationContext.getBean(AbstractApplicationContext.java:1159)
	at org.springframework.context.support.AbstractApplicationContext.finishBeanFactoryInitialization(AbstractApplicationContext.java:913)
	at org.springframework.context.support.AbstractApplicationContext.refresh(AbstractApplicationContext.java:588)
	at org.springframework.boot.web.servlet.context.ServletWebServerApplicationContext.refresh(ServletWebServerApplicationContext.java:144)
	at org.springframework.boot.SpringApplication.refresh(SpringApplication.java:767)
	at org.springframework.boot.SpringApplication.refresh(SpringApplication.java:759)
	at org.springframework.boot.SpringApplication.refreshContext(SpringApplication.java:426)
	at org.springframework.boot.SpringApplication.run(SpringApplication.java:326)
	at org.springframework.boot.SpringApplication.run(SpringApplication.java:1311)
	at org.springframework.boot.SpringApplication.run(SpringApplication.java:1300)
	at net.atopecode.authservice.AuthServiceApplication.main(AuthServiceApplication.java:15)
	at java.base/jdk.internal.reflect.NativeMethodAccessorImpl.invoke0(Native Method)
	at java.base/jdk.internal.reflect.NativeMethodAccessorImpl.invoke(NativeMethodAccessorImpl.java:62)
	at java.base/jdk.internal.reflect.DelegatingMethodAccessorImpl.invoke(DelegatingMethodAccessorImpl.java:43)
	at java.base/java.lang.reflect.Method.invoke(Method.java:566)
	at org.springframework.boot.devtools.restart.RestartLauncher.run(RestartLauncher.java:49)
Caused by: org.postgresql.util.PSQLException: ERROR: error de sintaxis en o cerca de «user»
  Position: 14
	at org.postgresql.core.v3.QueryExecutorImpl.receiveErrorResponse(QueryExecutorImpl.java:2553)
	at org.postgresql.core.v3.QueryExecutorImpl.processResults(QueryExecutorImpl.java:2285)
	at org.postgresql.core.v3.QueryExecutorImpl.execute(QueryExecutorImpl.java:323)
	at org.postgresql.jdbc.PgStatement.executeInternal(PgStatement.java:473)
	at org.postgresql.jdbc.PgStatement.execute(PgStatement.java:393)
	at org.postgresql.jdbc.PgStatement.executeWithFlags(PgStatement.java:322)
	at org.postgresql.jdbc.PgStatement.executeCachedSql(PgStatement.java:308)
	at org.postgresql.jdbc.PgStatement.executeWithFlags(PgStatement.java:284)
	at org.postgresql.jdbc.PgStatement.execute(PgStatement.java:279)
	at com.zaxxer.hikari.pool.ProxyStatement.execute(ProxyStatement.java:95)
	at com.zaxxer.hikari.pool.HikariProxyStatement.execute(HikariProxyStatement.java)
	at org.hibernate.tool.schema.internal.exec.GenerationTargetToDatabase.accept(GenerationTargetToDatabase.java:54)
	... 40 common frames omitted
2021-03-30 14:16:14,800 INFO [restartedMain] org.hibernate.engine.transaction.jta.platform.internal.JtaPlatformInitiator : HHH000490: Using JtaPlatform implementation: [org.hibernate.engine.transaction.jta.platform.internal.NoJtaPlatform]
2021-03-30 14:16:14,807 INFO [restartedMain] org.springframework.orm.jpa.AbstractEntityManagerFactoryBean : Initialized JPA EntityManagerFactory for persistence unit 'default'
2021-03-30 14:16:14,832 INFO [restartedMain] org.springframework.boot.devtools.autoconfigure.OptionalLiveReloadServer : LiveReload server is running on port 35729
2021-03-30 14:16:14,871 WARN [restartedMain] org.springframework.boot.autoconfigure.orm.jpa.JpaBaseConfiguration$JpaWebConfiguration : spring.jpa.open-in-view is enabled by default. Therefore, database queries may be performed during view rendering. Explicitly configure spring.jpa.open-in-view to disable this warning
2021-03-30 14:16:14,949 INFO [restartedMain] org.springframework.scheduling.concurrent.ExecutorConfigurationSupport : Initializing ExecutorService 'applicationTaskExecutor'
2021-03-30 14:16:15,282 INFO [restartedMain] org.apache.juli.logging.DirectJDKLog : Starting ProtocolHandler ["http-nio-8080"]
2021-03-30 14:16:15,307 INFO [restartedMain] org.springframework.boot.web.embedded.tomcat.TomcatWebServer : Tomcat started on port(s): 8080 (http) with context path ''
2021-03-30 14:16:15,314 INFO [restartedMain] org.springframework.boot.StartupInfoLogger : Started AuthServiceApplication in 3.262 seconds (JVM running for 4.012)
2021-03-30 14:18:48,382 INFO [Thread-5] org.springframework.scheduling.concurrent.ExecutorConfigurationSupport : Shutting down ExecutorService 'applicationTaskExecutor'
2021-03-30 14:18:48,383 INFO [Thread-5] org.springframework.orm.jpa.AbstractEntityManagerFactoryBean : Closing JPA EntityManagerFactory for persistence unit 'default'
2021-03-30 14:18:48,385 INFO [Thread-5] com.zaxxer.hikari.HikariDataSource : HikariPool-1 - Shutdown initiated...
2021-03-30 14:18:48,392 INFO [Thread-5] com.zaxxer.hikari.HikariDataSource : HikariPool-1 - Shutdown completed.
2021-03-30 14:18:48,462 INFO [restartedMain] org.springframework.boot.StartupInfoLogger : Starting AuthServiceApplication using Java 11.0.9 on OPTIMUS with PID 6032 (C:\Users\Silverio\Documents\workspace-spring-tool-suite-4-4.7.1.RELEASE\AuthService\target\classes started by Silverio in C:\Users\Silverio\Documents\workspace-spring-tool-suite-4-4.7.1.RELEASE\AuthService)
2021-03-30 14:18:48,462 DEBUG [restartedMain] org.springframework.boot.StartupInfoLogger : Running with Spring Boot v2.4.2, Spring v5.3.3
2021-03-30 14:18:48,462 INFO [restartedMain] org.springframework.boot.SpringApplication : No active profile set, falling back to default profiles: default
2021-03-30 14:18:48,595 INFO [restartedMain] org.springframework.data.repository.config.RepositoryConfigurationDelegate : Bootstrapping Spring Data JPA repositories in DEFAULT mode.
2021-03-30 14:18:48,605 INFO [restartedMain] org.springframework.data.repository.config.RepositoryConfigurationDelegate : Finished Spring Data repository scanning in 9 ms. Found 1 JPA repository interfaces.
2021-03-30 14:18:48,663 INFO [restartedMain] org.springframework.boot.web.embedded.tomcat.TomcatWebServer : Tomcat initialized with port(s): 8080 (http)
2021-03-30 14:18:48,663 INFO [restartedMain] org.apache.juli.logging.DirectJDKLog : Initializing ProtocolHandler ["http-nio-8080"]
2021-03-30 14:18:48,664 INFO [restartedMain] org.apache.juli.logging.DirectJDKLog : Starting service [Tomcat]
2021-03-30 14:18:48,664 INFO [restartedMain] org.apache.juli.logging.DirectJDKLog : Starting Servlet engine: [Apache Tomcat/9.0.41]
2021-03-30 14:18:48,680 INFO [restartedMain] org.apache.juli.logging.DirectJDKLog : Initializing Spring embedded WebApplicationContext
2021-03-30 14:18:48,680 INFO [restartedMain] org.springframework.boot.web.servlet.context.ServletWebServerApplicationContext : Root WebApplicationContext: initialization completed in 216 ms
2021-03-30 14:18:48,707 INFO [restartedMain] org.hibernate.jpa.internal.util.LogHelper : HHH000204: Processing PersistenceUnitInfo [name: default]
2021-03-30 14:18:48,711 INFO [restartedMain] com.zaxxer.hikari.HikariDataSource : HikariPool-2 - Starting...
2021-03-30 14:18:48,755 INFO [restartedMain] com.zaxxer.hikari.HikariDataSource : HikariPool-2 - Start completed.
2021-03-30 14:18:48,756 INFO [restartedMain] org.hibernate.dialect.Dialect : HHH000400: Using dialect: org.hibernate.dialect.PostgreSQL9Dialect
2021-03-30 14:18:48,807 WARN [restartedMain] org.hibernate.tool.schema.internal.ExceptionHandlerLoggedImpl : GenerationTarget encountered exception accepting command : Error executing DDL "create table user (id  bigserial not null, email varchar(255), name varchar(255), nm_email varchar(255), nm_name varchar(255), nm_real_name varchar(255), password varchar(255), real_name varchar(255), version int8 not null, primary key (id))" via JDBC Statement
org.hibernate.tool.schema.spi.CommandAcceptanceException: Error executing DDL "create table user (id  bigserial not null, email varchar(255), name varchar(255), nm_email varchar(255), nm_name varchar(255), nm_real_name varchar(255), password varchar(255), real_name varchar(255), version int8 not null, primary key (id))" via JDBC Statement
	at org.hibernate.tool.schema.internal.exec.GenerationTargetToDatabase.accept(GenerationTargetToDatabase.java:67)
	at org.hibernate.tool.schema.internal.AbstractSchemaMigrator.applySqlString(AbstractSchemaMigrator.java:559)
	at org.hibernate.tool.schema.internal.AbstractSchemaMigrator.applySqlStrings(AbstractSchemaMigrator.java:504)
	at org.hibernate.tool.schema.internal.AbstractSchemaMigrator.createTable(AbstractSchemaMigrator.java:277)
	at org.hibernate.tool.schema.internal.GroupedSchemaMigratorImpl.performTablesMigration(GroupedSchemaMigratorImpl.java:71)
	at org.hibernate.tool.schema.internal.AbstractSchemaMigrator.performMigration(AbstractSchemaMigrator.java:207)
	at org.hibernate.tool.schema.internal.AbstractSchemaMigrator.doMigration(AbstractSchemaMigrator.java:114)
	at org.hibernate.tool.schema.spi.SchemaManagementToolCoordinator.performDatabaseAction(SchemaManagementToolCoordinator.java:184)
	at org.hibernate.tool.schema.spi.SchemaManagementToolCoordinator.process(SchemaManagementToolCoordinator.java:73)
	at org.hibernate.internal.SessionFactoryImpl.<init>(SessionFactoryImpl.java:316)
	at org.hibernate.boot.internal.SessionFactoryBuilderImpl.build(SessionFactoryBuilderImpl.java:469)
	at org.hibernate.jpa.boot.internal.EntityManagerFactoryBuilderImpl.build(EntityManagerFactoryBuilderImpl.java:1259)
	at org.springframework.orm.jpa.vendor.SpringHibernateJpaPersistenceProvider.createContainerEntityManagerFactory(SpringHibernateJpaPersistenceProvider.java:58)
	at org.springframework.orm.jpa.LocalContainerEntityManagerFactoryBean.createNativeEntityManagerFactory(LocalContainerEntityManagerFactoryBean.java:365)
	at org.springframework.orm.jpa.AbstractEntityManagerFactoryBean.buildNativeEntityManagerFactory(AbstractEntityManagerFactoryBean.java:409)
	at org.springframework.orm.jpa.AbstractEntityManagerFactoryBean.afterPropertiesSet(AbstractEntityManagerFactoryBean.java:396)
	at org.springframework.orm.jpa.LocalContainerEntityManagerFactoryBean.afterPropertiesSet(LocalContainerEntityManagerFactoryBean.java:341)
	at org.springframework.beans.factory.support.AbstractAutowireCapableBeanFactory.invokeInitMethods(AbstractAutowireCapableBeanFactory.java:1847)
	at org.springframework.beans.factory.support.AbstractAutowireCapableBeanFactory.initializeBean(AbstractAutowireCapableBeanFactory.java:1784)
	at org.springframework.beans.factory.support.AbstractAutowireCapableBeanFactory.doCreateBean(AbstractAutowireCapableBeanFactory.java:609)
	at org.springframework.beans.factory.support.AbstractAutowireCapableBeanFactory.createBean(AbstractAutowireCapableBeanFactory.java:531)
	at org.springframework.beans.factory.support.AbstractBeanFactory.lambda$doGetBean$0(AbstractBeanFactory.java:335)
	at org.springframework.beans.factory.support.DefaultSingletonBeanRegistry.getSingleton(DefaultSingletonBeanRegistry.java:234)
	at org.springframework.beans.factory.support.AbstractBeanFactory.doGetBean(AbstractBeanFactory.java:333)
	at org.springframework.beans.factory.support.AbstractBeanFactory.getBean(AbstractBeanFactory.java:208)
	at org.springframework.context.support.AbstractApplicationContext.getBean(AbstractApplicationContext.java:1159)
	at org.springframework.context.support.AbstractApplicationContext.finishBeanFactoryInitialization(AbstractApplicationContext.java:913)
	at org.springframework.context.support.AbstractApplicationContext.refresh(AbstractApplicationContext.java:588)
	at org.springframework.boot.web.servlet.context.ServletWebServerApplicationContext.refresh(ServletWebServerApplicationContext.java:144)
	at org.springframework.boot.SpringApplication.refresh(SpringApplication.java:767)
	at org.springframework.boot.SpringApplication.refresh(SpringApplication.java:759)
	at org.springframework.boot.SpringApplication.refreshContext(SpringApplication.java:426)
	at org.springframework.boot.SpringApplication.run(SpringApplication.java:326)
	at org.springframework.boot.SpringApplication.run(SpringApplication.java:1311)
	at org.springframework.boot.SpringApplication.run(SpringApplication.java:1300)
	at net.atopecode.authservice.AuthServiceApplication.main(AuthServiceApplication.java:15)
	at java.base/jdk.internal.reflect.NativeMethodAccessorImpl.invoke0(Native Method)
	at java.base/jdk.internal.reflect.NativeMethodAccessorImpl.invoke(NativeMethodAccessorImpl.java:62)
	at java.base/jdk.internal.reflect.DelegatingMethodAccessorImpl.invoke(DelegatingMethodAccessorImpl.java:43)
	at java.base/java.lang.reflect.Method.invoke(Method.java:566)
	at org.springframework.boot.devtools.restart.RestartLauncher.run(RestartLauncher.java:49)
Caused by: org.postgresql.util.PSQLException: ERROR: error de sintaxis en o cerca de «user»
  Position: 14
	at org.postgresql.core.v3.QueryExecutorImpl.receiveErrorResponse(QueryExecutorImpl.java:2553)
	at org.postgresql.core.v3.QueryExecutorImpl.processResults(QueryExecutorImpl.java:2285)
	at org.postgresql.core.v3.QueryExecutorImpl.execute(QueryExecutorImpl.java:323)
	at org.postgresql.jdbc.PgStatement.executeInternal(PgStatement.java:473)
	at org.postgresql.jdbc.PgStatement.execute(PgStatement.java:393)
	at org.postgresql.jdbc.PgStatement.executeWithFlags(PgStatement.java:322)
	at org.postgresql.jdbc.PgStatement.executeCachedSql(PgStatement.java:308)
	at org.postgresql.jdbc.PgStatement.executeWithFlags(PgStatement.java:284)
	at org.postgresql.jdbc.PgStatement.execute(PgStatement.java:279)
	at com.zaxxer.hikari.pool.ProxyStatement.execute(ProxyStatement.java:95)
	at com.zaxxer.hikari.pool.HikariProxyStatement.execute(HikariProxyStatement.java)
	at org.hibernate.tool.schema.internal.exec.GenerationTargetToDatabase.accept(GenerationTargetToDatabase.java:54)
	... 40 common frames omitted
2021-03-30 14:18:48,807 INFO [restartedMain] org.hibernate.engine.transaction.jta.platform.internal.JtaPlatformInitiator : HHH000490: Using JtaPlatform implementation: [org.hibernate.engine.transaction.jta.platform.internal.NoJtaPlatform]
2021-03-30 14:18:48,808 INFO [restartedMain] org.springframework.orm.jpa.AbstractEntityManagerFactoryBean : Initialized JPA EntityManagerFactory for persistence unit 'default'
2021-03-30 14:18:48,816 INFO [restartedMain] org.springframework.boot.devtools.autoconfigure.OptionalLiveReloadServer : LiveReload server is running on port 35729
2021-03-30 14:18:48,820 WARN [restartedMain] org.springframework.context.support.AbstractApplicationContext : Exception encountered during context initialization - cancelling refresh attempt: org.springframework.beans.factory.BeanCreationException: Error creating bean with name 'commandLineRunner' defined in net.atopecode.authservice.AuthServiceApplication: Bean instantiation via factory method failed; nested exception is org.springframework.beans.BeanInstantiationException: Failed to instantiate [org.springframework.boot.CommandLineRunner]: Factory method 'commandLineRunner' threw exception; nested exception is java.lang.Error: Unresolved compilation problem: 
	This method must return a result of type CommandLineRunner

2021-03-30 14:18:48,820 INFO [restartedMain] org.springframework.orm.jpa.AbstractEntityManagerFactoryBean : Closing JPA EntityManagerFactory for persistence unit 'default'
2021-03-30 14:18:48,820 INFO [restartedMain] com.zaxxer.hikari.HikariDataSource : HikariPool-2 - Shutdown initiated...
2021-03-30 14:18:48,821 INFO [restartedMain] com.zaxxer.hikari.HikariDataSource : HikariPool-2 - Shutdown completed.
2021-03-30 14:18:48,822 INFO [restartedMain] org.apache.juli.logging.DirectJDKLog : Stopping service [Tomcat]
2021-03-30 14:18:48,827 INFO [restartedMain] org.springframework.boot.autoconfigure.logging.ConditionEvaluationReportLoggingListener : 

Error starting ApplicationContext. To display the conditions report re-run your application with 'debug' enabled.
2021-03-30 14:18:48,841 ERROR [restartedMain] org.springframework.boot.SpringApplication : Application run failed
org.springframework.beans.factory.BeanCreationException: Error creating bean with name 'commandLineRunner' defined in net.atopecode.authservice.AuthServiceApplication: Bean instantiation via factory method failed; nested exception is org.springframework.beans.BeanInstantiationException: Failed to instantiate [org.springframework.boot.CommandLineRunner]: Factory method 'commandLineRunner' threw exception; nested exception is java.lang.Error: Unresolved compilation problem: 
	This method must return a result of type CommandLineRunner

	at org.springframework.beans.factory.support.ConstructorResolver.instantiate(ConstructorResolver.java:658)
	at org.springframework.beans.factory.support.ConstructorResolver.instantiateUsingFactoryMethod(ConstructorResolver.java:638)
	at org.springframework.beans.factory.support.AbstractAutowireCapableBeanFactory.instantiateUsingFactoryMethod(AbstractAutowireCapableBeanFactory.java:1336)
	at org.springframework.beans.factory.support.AbstractAutowireCapableBeanFactory.createBeanInstance(AbstractAutowireCapableBeanFactory.java:1179)
	at org.springframework.beans.factory.support.AbstractAutowireCapableBeanFactory.doCreateBean(AbstractAutowireCapableBeanFactory.java:571)
	at org.springframework.beans.factory.support.AbstractAutowireCapableBeanFactory.createBean(AbstractAutowireCapableBeanFactory.java:531)
	at org.springframework.beans.factory.support.AbstractBeanFactory.lambda$doGetBean$0(AbstractBeanFactory.java:335)
	at org.springframework.beans.factory.support.DefaultSingletonBeanRegistry.getSingleton(DefaultSingletonBeanRegistry.java:234)
	at org.springframework.beans.factory.support.AbstractBeanFactory.doGetBean(AbstractBeanFactory.java:333)
	at org.springframework.beans.factory.support.AbstractBeanFactory.getBean(AbstractBeanFactory.java:208)
	at org.springframework.beans.factory.support.DefaultListableBeanFactory.preInstantiateSingletons(DefaultListableBeanFactory.java:944)
	at org.springframework.context.support.AbstractApplicationContext.finishBeanFactoryInitialization(AbstractApplicationContext.java:923)
	at org.springframework.context.support.AbstractApplicationContext.refresh(AbstractApplicationContext.java:588)
	at org.springframework.boot.web.servlet.context.ServletWebServerApplicationContext.refresh(ServletWebServerApplicationContext.java:144)
	at org.springframework.boot.SpringApplication.refresh(SpringApplication.java:767)
	at org.springframework.boot.SpringApplication.refresh(SpringApplication.java:759)
	at org.springframework.boot.SpringApplication.refreshContext(SpringApplication.java:426)
	at org.springframework.boot.SpringApplication.run(SpringApplication.java:326)
	at org.springframework.boot.SpringApplication.run(SpringApplication.java:1311)
	at org.springframework.boot.SpringApplication.run(SpringApplication.java:1300)
	at net.atopecode.authservice.AuthServiceApplication.main(AuthServiceApplication.java:15)
	at java.base/jdk.internal.reflect.NativeMethodAccessorImpl.invoke0(Native Method)
	at java.base/jdk.internal.reflect.NativeMethodAccessorImpl.invoke(NativeMethodAccessorImpl.java:62)
	at java.base/jdk.internal.reflect.DelegatingMethodAccessorImpl.invoke(DelegatingMethodAccessorImpl.java:43)
	at java.base/java.lang.reflect.Method.invoke(Method.java:566)
	at org.springframework.boot.devtools.restart.RestartLauncher.run(RestartLauncher.java:49)
Caused by: org.springframework.beans.BeanInstantiationException: Failed to instantiate [org.springframework.boot.CommandLineRunner]: Factory method 'commandLineRunner' threw exception; nested exception is java.lang.Error: Unresolved compilation problem: 
	This method must return a result of type CommandLineRunner

	at org.springframework.beans.factory.support.SimpleInstantiationStrategy.instantiate(SimpleInstantiationStrategy.java:185)
	at org.springframework.beans.factory.support.ConstructorResolver.instantiate(ConstructorResolver.java:653)
	... 25 common frames omitted
Caused by: java.lang.Error: Unresolved compilation problem: 
	This method must return a result of type CommandLineRunner

	at net.atopecode.authservice.AuthServiceApplication.commandLineRunner(AuthServiceApplication.java:25)
	at net.atopecode.authservice.AuthServiceApplication$$EnhancerBySpringCGLIB$$ba07f5c7.CGLIB$commandLineRunner$0(<generated>)
	at net.atopecode.authservice.AuthServiceApplication$$EnhancerBySpringCGLIB$$ba07f5c7$$FastClassBySpringCGLIB$$59c8f57d.invoke(<generated>)
	at org.springframework.cglib.proxy.MethodProxy.invokeSuper(MethodProxy.java:244)
	at org.springframework.context.annotation.ConfigurationClassEnhancer$BeanMethodInterceptor.intercept(ConfigurationClassEnhancer.java:331)
	at net.atopecode.authservice.AuthServiceApplication$$EnhancerBySpringCGLIB$$ba07f5c7.commandLineRunner(<generated>)
	at java.base/jdk.internal.reflect.NativeMethodAccessorImpl.invoke0(Native Method)
	at java.base/jdk.internal.reflect.NativeMethodAccessorImpl.invoke(NativeMethodAccessorImpl.java:62)
	at java.base/jdk.internal.reflect.DelegatingMethodAccessorImpl.invoke(DelegatingMethodAccessorImpl.java:43)
	at java.base/java.lang.reflect.Method.invoke(Method.java:566)
	at org.springframework.beans.factory.support.SimpleInstantiationStrategy.instantiate(SimpleInstantiationStrategy.java:154)
	... 26 common frames omitted
2021-03-30 15:06:25,850 INFO [restartedMain] org.springframework.boot.StartupInfoLogger : Starting AuthServiceApplication using Java 11.0.9 on OPTIMUS with PID 18436 (C:\Users\Silverio\Documents\workspace-spring-tool-suite-4-4.7.1.RELEASE\AuthService\target\classes started by Silverio in C:\Users\Silverio\Documents\workspace-spring-tool-suite-4-4.7.1.RELEASE\AuthService)
2021-03-30 15:06:25,852 DEBUG [restartedMain] org.springframework.boot.StartupInfoLogger : Running with Spring Boot v2.4.2, Spring v5.3.3
2021-03-30 15:06:25,853 INFO [restartedMain] org.springframework.boot.SpringApplication : No active profile set, falling back to default profiles: default
2021-03-30 15:06:25,889 INFO [restartedMain] org.springframework.boot.logging.DeferredLog : Devtools property defaults active! Set 'spring.devtools.add-properties' to 'false' to disable
2021-03-30 15:06:25,890 INFO [restartedMain] org.springframework.boot.logging.DeferredLog : For additional web related logging consider setting the 'logging.level.web' property to 'DEBUG'
2021-03-30 15:06:26,330 INFO [restartedMain] org.springframework.data.repository.config.RepositoryConfigurationDelegate : Bootstrapping Spring Data JPA repositories in DEFAULT mode.
2021-03-30 15:06:26,372 INFO [restartedMain] org.springframework.data.repository.config.RepositoryConfigurationDelegate : Finished Spring Data repository scanning in 36 ms. Found 1 JPA repository interfaces.
2021-03-30 15:06:26,819 INFO [restartedMain] org.springframework.boot.web.embedded.tomcat.TomcatWebServer : Tomcat initialized with port(s): 8080 (http)
2021-03-30 15:06:26,826 INFO [restartedMain] org.apache.juli.logging.DirectJDKLog : Initializing ProtocolHandler ["http-nio-8080"]
2021-03-30 15:06:26,827 INFO [restartedMain] org.apache.juli.logging.DirectJDKLog : Starting service [Tomcat]
2021-03-30 15:06:26,827 INFO [restartedMain] org.apache.juli.logging.DirectJDKLog : Starting Servlet engine: [Apache Tomcat/9.0.41]
2021-03-30 15:06:26,895 INFO [restartedMain] org.apache.juli.logging.DirectJDKLog : Initializing Spring embedded WebApplicationContext
2021-03-30 15:06:26,895 INFO [restartedMain] org.springframework.boot.web.servlet.context.ServletWebServerApplicationContext : Root WebApplicationContext: initialization completed in 1005 ms
2021-03-30 15:06:27,041 INFO [restartedMain] org.hibernate.jpa.internal.util.LogHelper : HHH000204: Processing PersistenceUnitInfo [name: default]
2021-03-30 15:06:27,083 INFO [restartedMain] org.hibernate.Version : HHH000412: Hibernate ORM core version 5.4.27.Final
2021-03-30 15:06:27,193 INFO [restartedMain] org.hibernate.annotations.common.reflection.java.JavaReflectionManager : HCANN000001: Hibernate Commons Annotations {5.1.2.Final}
2021-03-30 15:06:27,279 INFO [restartedMain] com.zaxxer.hikari.HikariDataSource : HikariPool-1 - Starting...
2021-03-30 15:06:27,423 INFO [restartedMain] com.zaxxer.hikari.HikariDataSource : HikariPool-1 - Start completed.
2021-03-30 15:06:27,439 INFO [restartedMain] org.hibernate.dialect.Dialect : HHH000400: Using dialect: org.hibernate.dialect.PostgreSQL9Dialect
2021-03-30 15:06:27,956 WARN [restartedMain] org.hibernate.tool.schema.internal.ExceptionHandlerLoggedImpl : GenerationTarget encountered exception accepting command : Error executing DDL "create table user (id  bigserial not null, email varchar(255), name varchar(255), nm_email varchar(255), nm_name varchar(255), nm_real_name varchar(255), password varchar(255), real_name varchar(255), version int8 not null, primary key (id))" via JDBC Statement
org.hibernate.tool.schema.spi.CommandAcceptanceException: Error executing DDL "create table user (id  bigserial not null, email varchar(255), name varchar(255), nm_email varchar(255), nm_name varchar(255), nm_real_name varchar(255), password varchar(255), real_name varchar(255), version int8 not null, primary key (id))" via JDBC Statement
	at org.hibernate.tool.schema.internal.exec.GenerationTargetToDatabase.accept(GenerationTargetToDatabase.java:67)
	at org.hibernate.tool.schema.internal.AbstractSchemaMigrator.applySqlString(AbstractSchemaMigrator.java:559)
	at org.hibernate.tool.schema.internal.AbstractSchemaMigrator.applySqlStrings(AbstractSchemaMigrator.java:504)
	at org.hibernate.tool.schema.internal.AbstractSchemaMigrator.createTable(AbstractSchemaMigrator.java:277)
	at org.hibernate.tool.schema.internal.GroupedSchemaMigratorImpl.performTablesMigration(GroupedSchemaMigratorImpl.java:71)
	at org.hibernate.tool.schema.internal.AbstractSchemaMigrator.performMigration(AbstractSchemaMigrator.java:207)
	at org.hibernate.tool.schema.internal.AbstractSchemaMigrator.doMigration(AbstractSchemaMigrator.java:114)
	at org.hibernate.tool.schema.spi.SchemaManagementToolCoordinator.performDatabaseAction(SchemaManagementToolCoordinator.java:184)
	at org.hibernate.tool.schema.spi.SchemaManagementToolCoordinator.process(SchemaManagementToolCoordinator.java:73)
	at org.hibernate.internal.SessionFactoryImpl.<init>(SessionFactoryImpl.java:316)
	at org.hibernate.boot.internal.SessionFactoryBuilderImpl.build(SessionFactoryBuilderImpl.java:469)
	at org.hibernate.jpa.boot.internal.EntityManagerFactoryBuilderImpl.build(EntityManagerFactoryBuilderImpl.java:1259)
	at org.springframework.orm.jpa.vendor.SpringHibernateJpaPersistenceProvider.createContainerEntityManagerFactory(SpringHibernateJpaPersistenceProvider.java:58)
	at org.springframework.orm.jpa.LocalContainerEntityManagerFactoryBean.createNativeEntityManagerFactory(LocalContainerEntityManagerFactoryBean.java:365)
	at org.springframework.orm.jpa.AbstractEntityManagerFactoryBean.buildNativeEntityManagerFactory(AbstractEntityManagerFactoryBean.java:409)
	at org.springframework.orm.jpa.AbstractEntityManagerFactoryBean.afterPropertiesSet(AbstractEntityManagerFactoryBean.java:396)
	at org.springframework.orm.jpa.LocalContainerEntityManagerFactoryBean.afterPropertiesSet(LocalContainerEntityManagerFactoryBean.java:341)
	at org.springframework.beans.factory.support.AbstractAutowireCapableBeanFactory.invokeInitMethods(AbstractAutowireCapableBeanFactory.java:1847)
	at org.springframework.beans.factory.support.AbstractAutowireCapableBeanFactory.initializeBean(AbstractAutowireCapableBeanFactory.java:1784)
	at org.springframework.beans.factory.support.AbstractAutowireCapableBeanFactory.doCreateBean(AbstractAutowireCapableBeanFactory.java:609)
	at org.springframework.beans.factory.support.AbstractAutowireCapableBeanFactory.createBean(AbstractAutowireCapableBeanFactory.java:531)
	at org.springframework.beans.factory.support.AbstractBeanFactory.lambda$doGetBean$0(AbstractBeanFactory.java:335)
	at org.springframework.beans.factory.support.DefaultSingletonBeanRegistry.getSingleton(DefaultSingletonBeanRegistry.java:234)
	at org.springframework.beans.factory.support.AbstractBeanFactory.doGetBean(AbstractBeanFactory.java:333)
	at org.springframework.beans.factory.support.AbstractBeanFactory.getBean(AbstractBeanFactory.java:208)
	at org.springframework.context.support.AbstractApplicationContext.getBean(AbstractApplicationContext.java:1159)
	at org.springframework.context.support.AbstractApplicationContext.finishBeanFactoryInitialization(AbstractApplicationContext.java:913)
	at org.springframework.context.support.AbstractApplicationContext.refresh(AbstractApplicationContext.java:588)
	at org.springframework.boot.web.servlet.context.ServletWebServerApplicationContext.refresh(ServletWebServerApplicationContext.java:144)
	at org.springframework.boot.SpringApplication.refresh(SpringApplication.java:767)
	at org.springframework.boot.SpringApplication.refresh(SpringApplication.java:759)
	at org.springframework.boot.SpringApplication.refreshContext(SpringApplication.java:426)
	at org.springframework.boot.SpringApplication.run(SpringApplication.java:326)
	at org.springframework.boot.SpringApplication.run(SpringApplication.java:1311)
	at org.springframework.boot.SpringApplication.run(SpringApplication.java:1300)
	at net.atopecode.authservice.AuthServiceApplication.main(AuthServiceApplication.java:15)
	at java.base/jdk.internal.reflect.NativeMethodAccessorImpl.invoke0(Native Method)
	at java.base/jdk.internal.reflect.NativeMethodAccessorImpl.invoke(NativeMethodAccessorImpl.java:62)
	at java.base/jdk.internal.reflect.DelegatingMethodAccessorImpl.invoke(DelegatingMethodAccessorImpl.java:43)
	at java.base/java.lang.reflect.Method.invoke(Method.java:566)
	at org.springframework.boot.devtools.restart.RestartLauncher.run(RestartLauncher.java:49)
Caused by: org.postgresql.util.PSQLException: ERROR: error de sintaxis en o cerca de «user»
  Position: 14
	at org.postgresql.core.v3.QueryExecutorImpl.receiveErrorResponse(QueryExecutorImpl.java:2553)
	at org.postgresql.core.v3.QueryExecutorImpl.processResults(QueryExecutorImpl.java:2285)
	at org.postgresql.core.v3.QueryExecutorImpl.execute(QueryExecutorImpl.java:323)
	at org.postgresql.jdbc.PgStatement.executeInternal(PgStatement.java:473)
	at org.postgresql.jdbc.PgStatement.execute(PgStatement.java:393)
	at org.postgresql.jdbc.PgStatement.executeWithFlags(PgStatement.java:322)
	at org.postgresql.jdbc.PgStatement.executeCachedSql(PgStatement.java:308)
	at org.postgresql.jdbc.PgStatement.executeWithFlags(PgStatement.java:284)
	at org.postgresql.jdbc.PgStatement.execute(PgStatement.java:279)
	at com.zaxxer.hikari.pool.ProxyStatement.execute(ProxyStatement.java:95)
	at com.zaxxer.hikari.pool.HikariProxyStatement.execute(HikariProxyStatement.java)
	at org.hibernate.tool.schema.internal.exec.GenerationTargetToDatabase.accept(GenerationTargetToDatabase.java:54)
	... 40 common frames omitted
2021-03-30 15:06:27,957 INFO [restartedMain] org.hibernate.engine.transaction.jta.platform.internal.JtaPlatformInitiator : HHH000490: Using JtaPlatform implementation: [org.hibernate.engine.transaction.jta.platform.internal.NoJtaPlatform]
2021-03-30 15:06:27,963 INFO [restartedMain] org.springframework.orm.jpa.AbstractEntityManagerFactoryBean : Initialized JPA EntityManagerFactory for persistence unit 'default'
2021-03-30 15:06:27,991 INFO [restartedMain] org.springframework.boot.devtools.autoconfigure.OptionalLiveReloadServer : LiveReload server is running on port 35729
2021-03-30 15:06:28,028 WARN [restartedMain] org.springframework.boot.autoconfigure.orm.jpa.JpaBaseConfiguration$JpaWebConfiguration : spring.jpa.open-in-view is enabled by default. Therefore, database queries may be performed during view rendering. Explicitly configure spring.jpa.open-in-view to disable this warning
2021-03-30 15:06:28,101 INFO [restartedMain] org.springframework.scheduling.concurrent.ExecutorConfigurationSupport : Initializing ExecutorService 'applicationTaskExecutor'
2021-03-30 15:06:28,433 INFO [restartedMain] org.apache.juli.logging.DirectJDKLog : Starting ProtocolHandler ["http-nio-8080"]
2021-03-30 15:06:28,450 INFO [restartedMain] org.springframework.boot.web.embedded.tomcat.TomcatWebServer : Tomcat started on port(s): 8080 (http) with context path ''
2021-03-30 15:06:28,456 INFO [restartedMain] org.springframework.boot.StartupInfoLogger : Started AuthServiceApplication in 2.949 seconds (JVM running for 3.605)
2021-03-30 15:10:55,426 INFO [Thread-5] org.springframework.scheduling.concurrent.ExecutorConfigurationSupport : Shutting down ExecutorService 'applicationTaskExecutor'
2021-03-30 15:10:55,426 INFO [Thread-5] org.springframework.orm.jpa.AbstractEntityManagerFactoryBean : Closing JPA EntityManagerFactory for persistence unit 'default'
2021-03-30 15:10:55,429 INFO [Thread-5] com.zaxxer.hikari.HikariDataSource : HikariPool-1 - Shutdown initiated...
2021-03-30 15:10:55,439 INFO [Thread-5] com.zaxxer.hikari.HikariDataSource : HikariPool-1 - Shutdown completed.
2021-03-30 15:10:55,513 INFO [restartedMain] org.springframework.boot.StartupInfoLogger : Starting AuthServiceApplication using Java 11.0.9 on OPTIMUS with PID 18436 (C:\Users\Silverio\Documents\workspace-spring-tool-suite-4-4.7.1.RELEASE\AuthService\target\classes started by Silverio in C:\Users\Silverio\Documents\workspace-spring-tool-suite-4-4.7.1.RELEASE\AuthService)
2021-03-30 15:10:55,513 DEBUG [restartedMain] org.springframework.boot.StartupInfoLogger : Running with Spring Boot v2.4.2, Spring v5.3.3
2021-03-30 15:10:55,513 INFO [restartedMain] org.springframework.boot.SpringApplication : No active profile set, falling back to default profiles: default
2021-03-30 15:10:55,648 INFO [restartedMain] org.springframework.data.repository.config.RepositoryConfigurationDelegate : Bootstrapping Spring Data JPA repositories in DEFAULT mode.
2021-03-30 15:10:55,657 INFO [restartedMain] org.springframework.data.repository.config.RepositoryConfigurationDelegate : Finished Spring Data repository scanning in 9 ms. Found 1 JPA repository interfaces.
2021-03-30 15:10:55,716 INFO [restartedMain] org.springframework.boot.web.embedded.tomcat.TomcatWebServer : Tomcat initialized with port(s): 8080 (http)
2021-03-30 15:10:55,717 INFO [restartedMain] org.apache.juli.logging.DirectJDKLog : Initializing ProtocolHandler ["http-nio-8080"]
2021-03-30 15:10:55,717 INFO [restartedMain] org.apache.juli.logging.DirectJDKLog : Starting service [Tomcat]
2021-03-30 15:10:55,717 INFO [restartedMain] org.apache.juli.logging.DirectJDKLog : Starting Servlet engine: [Apache Tomcat/9.0.41]
2021-03-30 15:10:55,733 INFO [restartedMain] org.apache.juli.logging.DirectJDKLog : Initializing Spring embedded WebApplicationContext
2021-03-30 15:10:55,733 INFO [restartedMain] org.springframework.boot.web.servlet.context.ServletWebServerApplicationContext : Root WebApplicationContext: initialization completed in 218 ms
2021-03-30 15:10:55,760 INFO [restartedMain] org.hibernate.jpa.internal.util.LogHelper : HHH000204: Processing PersistenceUnitInfo [name: default]
2021-03-30 15:10:55,765 INFO [restartedMain] com.zaxxer.hikari.HikariDataSource : HikariPool-2 - Starting...
2021-03-30 15:10:55,809 INFO [restartedMain] com.zaxxer.hikari.HikariDataSource : HikariPool-2 - Start completed.
2021-03-30 15:10:55,809 INFO [restartedMain] org.hibernate.dialect.Dialect : HHH000400: Using dialect: org.hibernate.dialect.PostgreSQL9Dialect
2021-03-30 15:10:55,860 WARN [restartedMain] org.hibernate.tool.schema.internal.ExceptionHandlerLoggedImpl : GenerationTarget encountered exception accepting command : Error executing DDL "create table user (id  bigserial not null, email varchar(255), name varchar(255), nm_email varchar(255), nm_name varchar(255), nm_real_name varchar(255), password varchar(255), real_name varchar(255), version int8 not null, primary key (id))" via JDBC Statement
org.hibernate.tool.schema.spi.CommandAcceptanceException: Error executing DDL "create table user (id  bigserial not null, email varchar(255), name varchar(255), nm_email varchar(255), nm_name varchar(255), nm_real_name varchar(255), password varchar(255), real_name varchar(255), version int8 not null, primary key (id))" via JDBC Statement
	at org.hibernate.tool.schema.internal.exec.GenerationTargetToDatabase.accept(GenerationTargetToDatabase.java:67)
	at org.hibernate.tool.schema.internal.AbstractSchemaMigrator.applySqlString(AbstractSchemaMigrator.java:559)
	at org.hibernate.tool.schema.internal.AbstractSchemaMigrator.applySqlStrings(AbstractSchemaMigrator.java:504)
	at org.hibernate.tool.schema.internal.AbstractSchemaMigrator.createTable(AbstractSchemaMigrator.java:277)
	at org.hibernate.tool.schema.internal.GroupedSchemaMigratorImpl.performTablesMigration(GroupedSchemaMigratorImpl.java:71)
	at org.hibernate.tool.schema.internal.AbstractSchemaMigrator.performMigration(AbstractSchemaMigrator.java:207)
	at org.hibernate.tool.schema.internal.AbstractSchemaMigrator.doMigration(AbstractSchemaMigrator.java:114)
	at org.hibernate.tool.schema.spi.SchemaManagementToolCoordinator.performDatabaseAction(SchemaManagementToolCoordinator.java:184)
	at org.hibernate.tool.schema.spi.SchemaManagementToolCoordinator.process(SchemaManagementToolCoordinator.java:73)
	at org.hibernate.internal.SessionFactoryImpl.<init>(SessionFactoryImpl.java:316)
	at org.hibernate.boot.internal.SessionFactoryBuilderImpl.build(SessionFactoryBuilderImpl.java:469)
	at org.hibernate.jpa.boot.internal.EntityManagerFactoryBuilderImpl.build(EntityManagerFactoryBuilderImpl.java:1259)
	at org.springframework.orm.jpa.vendor.SpringHibernateJpaPersistenceProvider.createContainerEntityManagerFactory(SpringHibernateJpaPersistenceProvider.java:58)
	at org.springframework.orm.jpa.LocalContainerEntityManagerFactoryBean.createNativeEntityManagerFactory(LocalContainerEntityManagerFactoryBean.java:365)
	at org.springframework.orm.jpa.AbstractEntityManagerFactoryBean.buildNativeEntityManagerFactory(AbstractEntityManagerFactoryBean.java:409)
	at org.springframework.orm.jpa.AbstractEntityManagerFactoryBean.afterPropertiesSet(AbstractEntityManagerFactoryBean.java:396)
	at org.springframework.orm.jpa.LocalContainerEntityManagerFactoryBean.afterPropertiesSet(LocalContainerEntityManagerFactoryBean.java:341)
	at org.springframework.beans.factory.support.AbstractAutowireCapableBeanFactory.invokeInitMethods(AbstractAutowireCapableBeanFactory.java:1847)
	at org.springframework.beans.factory.support.AbstractAutowireCapableBeanFactory.initializeBean(AbstractAutowireCapableBeanFactory.java:1784)
	at org.springframework.beans.factory.support.AbstractAutowireCapableBeanFactory.doCreateBean(AbstractAutowireCapableBeanFactory.java:609)
	at org.springframework.beans.factory.support.AbstractAutowireCapableBeanFactory.createBean(AbstractAutowireCapableBeanFactory.java:531)
	at org.springframework.beans.factory.support.AbstractBeanFactory.lambda$doGetBean$0(AbstractBeanFactory.java:335)
	at org.springframework.beans.factory.support.DefaultSingletonBeanRegistry.getSingleton(DefaultSingletonBeanRegistry.java:234)
	at org.springframework.beans.factory.support.AbstractBeanFactory.doGetBean(AbstractBeanFactory.java:333)
	at org.springframework.beans.factory.support.AbstractBeanFactory.getBean(AbstractBeanFactory.java:208)
	at org.springframework.context.support.AbstractApplicationContext.getBean(AbstractApplicationContext.java:1159)
	at org.springframework.context.support.AbstractApplicationContext.finishBeanFactoryInitialization(AbstractApplicationContext.java:913)
	at org.springframework.context.support.AbstractApplicationContext.refresh(AbstractApplicationContext.java:588)
	at org.springframework.boot.web.servlet.context.ServletWebServerApplicationContext.refresh(ServletWebServerApplicationContext.java:144)
	at org.springframework.boot.SpringApplication.refresh(SpringApplication.java:767)
	at org.springframework.boot.SpringApplication.refresh(SpringApplication.java:759)
	at org.springframework.boot.SpringApplication.refreshContext(SpringApplication.java:426)
	at org.springframework.boot.SpringApplication.run(SpringApplication.java:326)
	at org.springframework.boot.SpringApplication.run(SpringApplication.java:1311)
	at org.springframework.boot.SpringApplication.run(SpringApplication.java:1300)
	at net.atopecode.authservice.AuthServiceApplication.main(AuthServiceApplication.java:15)
	at java.base/jdk.internal.reflect.NativeMethodAccessorImpl.invoke0(Native Method)
	at java.base/jdk.internal.reflect.NativeMethodAccessorImpl.invoke(NativeMethodAccessorImpl.java:62)
	at java.base/jdk.internal.reflect.DelegatingMethodAccessorImpl.invoke(DelegatingMethodAccessorImpl.java:43)
	at java.base/java.lang.reflect.Method.invoke(Method.java:566)
	at org.springframework.boot.devtools.restart.RestartLauncher.run(RestartLauncher.java:49)
Caused by: org.postgresql.util.PSQLException: ERROR: error de sintaxis en o cerca de «user»
  Position: 14
	at org.postgresql.core.v3.QueryExecutorImpl.receiveErrorResponse(QueryExecutorImpl.java:2553)
	at org.postgresql.core.v3.QueryExecutorImpl.processResults(QueryExecutorImpl.java:2285)
	at org.postgresql.core.v3.QueryExecutorImpl.execute(QueryExecutorImpl.java:323)
	at org.postgresql.jdbc.PgStatement.executeInternal(PgStatement.java:473)
	at org.postgresql.jdbc.PgStatement.execute(PgStatement.java:393)
	at org.postgresql.jdbc.PgStatement.executeWithFlags(PgStatement.java:322)
	at org.postgresql.jdbc.PgStatement.executeCachedSql(PgStatement.java:308)
	at org.postgresql.jdbc.PgStatement.executeWithFlags(PgStatement.java:284)
	at org.postgresql.jdbc.PgStatement.execute(PgStatement.java:279)
	at com.zaxxer.hikari.pool.ProxyStatement.execute(ProxyStatement.java:95)
	at com.zaxxer.hikari.pool.HikariProxyStatement.execute(HikariProxyStatement.java)
	at org.hibernate.tool.schema.internal.exec.GenerationTargetToDatabase.accept(GenerationTargetToDatabase.java:54)
	... 40 common frames omitted
2021-03-30 15:10:55,860 INFO [restartedMain] org.hibernate.engine.transaction.jta.platform.internal.JtaPlatformInitiator : HHH000490: Using JtaPlatform implementation: [org.hibernate.engine.transaction.jta.platform.internal.NoJtaPlatform]
2021-03-30 15:10:55,860 INFO [restartedMain] org.springframework.orm.jpa.AbstractEntityManagerFactoryBean : Initialized JPA EntityManagerFactory for persistence unit 'default'
2021-03-30 15:10:55,869 INFO [restartedMain] org.springframework.boot.devtools.autoconfigure.OptionalLiveReloadServer : LiveReload server is running on port 35729
2021-03-30 15:10:55,881 WARN [restartedMain] org.springframework.boot.autoconfigure.orm.jpa.JpaBaseConfiguration$JpaWebConfiguration : spring.jpa.open-in-view is enabled by default. Therefore, database queries may be performed during view rendering. Explicitly configure spring.jpa.open-in-view to disable this warning
2021-03-30 15:10:55,908 INFO [restartedMain] org.springframework.scheduling.concurrent.ExecutorConfigurationSupport : Initializing ExecutorService 'applicationTaskExecutor'
2021-03-30 15:10:56,009 INFO [restartedMain] org.apache.juli.logging.DirectJDKLog : Starting ProtocolHandler ["http-nio-8080"]
2021-03-30 15:10:56,012 INFO [restartedMain] org.springframework.boot.web.embedded.tomcat.TomcatWebServer : Tomcat started on port(s): 8080 (http) with context path ''
2021-03-30 15:10:56,016 INFO [restartedMain] org.springframework.boot.StartupInfoLogger : Started AuthServiceApplication in 0.535 seconds (JVM running for 271.165)
2021-03-30 15:10:56,018 INFO [restartedMain] org.springframework.boot.devtools.autoconfigure.ConditionEvaluationDeltaLoggingListener : Condition evaluation unchanged
2021-03-30 15:11:18,984 INFO [Thread-9] org.springframework.scheduling.concurrent.ExecutorConfigurationSupport : Shutting down ExecutorService 'applicationTaskExecutor'
2021-03-30 15:11:18,985 INFO [Thread-9] org.springframework.orm.jpa.AbstractEntityManagerFactoryBean : Closing JPA EntityManagerFactory for persistence unit 'default'
2021-03-30 15:11:18,985 INFO [Thread-9] com.zaxxer.hikari.HikariDataSource : HikariPool-2 - Shutdown initiated...
2021-03-30 15:11:18,990 INFO [Thread-9] com.zaxxer.hikari.HikariDataSource : HikariPool-2 - Shutdown completed.
2021-03-30 15:11:19,043 INFO [restartedMain] org.springframework.boot.StartupInfoLogger : Starting AuthServiceApplication using Java 11.0.9 on OPTIMUS with PID 18436 (C:\Users\Silverio\Documents\workspace-spring-tool-suite-4-4.7.1.RELEASE\AuthService\target\classes started by Silverio in C:\Users\Silverio\Documents\workspace-spring-tool-suite-4-4.7.1.RELEASE\AuthService)
2021-03-30 15:11:19,044 DEBUG [restartedMain] org.springframework.boot.StartupInfoLogger : Running with Spring Boot v2.4.2, Spring v5.3.3
2021-03-30 15:11:19,044 INFO [restartedMain] org.springframework.boot.SpringApplication : No active profile set, falling back to default profiles: default
2021-03-30 15:11:19,161 INFO [restartedMain] org.springframework.data.repository.config.RepositoryConfigurationDelegate : Bootstrapping Spring Data JPA repositories in DEFAULT mode.
2021-03-30 15:11:19,170 INFO [restartedMain] org.springframework.data.repository.config.RepositoryConfigurationDelegate : Finished Spring Data repository scanning in 9 ms. Found 1 JPA repository interfaces.
2021-03-30 15:11:19,223 INFO [restartedMain] org.springframework.boot.web.embedded.tomcat.TomcatWebServer : Tomcat initialized with port(s): 8080 (http)
2021-03-30 15:11:19,224 INFO [restartedMain] org.apache.juli.logging.DirectJDKLog : Initializing ProtocolHandler ["http-nio-8080"]
2021-03-30 15:11:19,224 INFO [restartedMain] org.apache.juli.logging.DirectJDKLog : Starting service [Tomcat]
2021-03-30 15:11:19,224 INFO [restartedMain] org.apache.juli.logging.DirectJDKLog : Starting Servlet engine: [Apache Tomcat/9.0.41]
2021-03-30 15:11:19,242 INFO [restartedMain] org.apache.juli.logging.DirectJDKLog : Initializing Spring embedded WebApplicationContext
2021-03-30 15:11:19,242 INFO [restartedMain] org.springframework.boot.web.servlet.context.ServletWebServerApplicationContext : Root WebApplicationContext: initialization completed in 196 ms
2021-03-30 15:11:19,267 INFO [restartedMain] org.hibernate.jpa.internal.util.LogHelper : HHH000204: Processing PersistenceUnitInfo [name: default]
2021-03-30 15:11:19,272 INFO [restartedMain] com.zaxxer.hikari.HikariDataSource : HikariPool-3 - Starting...
2021-03-30 15:11:19,321 INFO [restartedMain] com.zaxxer.hikari.HikariDataSource : HikariPool-3 - Start completed.
2021-03-30 15:11:19,321 INFO [restartedMain] org.hibernate.dialect.Dialect : HHH000400: Using dialect: org.hibernate.dialect.PostgreSQL9Dialect
2021-03-30 15:11:19,373 INFO [restartedMain] org.hibernate.engine.transaction.jta.platform.internal.JtaPlatformInitiator : HHH000490: Using JtaPlatform implementation: [org.hibernate.engine.transaction.jta.platform.internal.NoJtaPlatform]
2021-03-30 15:11:19,373 INFO [restartedMain] org.springframework.orm.jpa.AbstractEntityManagerFactoryBean : Initialized JPA EntityManagerFactory for persistence unit 'default'
2021-03-30 15:11:19,381 INFO [restartedMain] org.springframework.boot.devtools.autoconfigure.OptionalLiveReloadServer : LiveReload server is running on port 35729
2021-03-30 15:11:19,392 WARN [restartedMain] org.springframework.boot.autoconfigure.orm.jpa.JpaBaseConfiguration$JpaWebConfiguration : spring.jpa.open-in-view is enabled by default. Therefore, database queries may be performed during view rendering. Explicitly configure spring.jpa.open-in-view to disable this warning
2021-03-30 15:11:19,411 INFO [restartedMain] org.springframework.scheduling.concurrent.ExecutorConfigurationSupport : Initializing ExecutorService 'applicationTaskExecutor'
2021-03-30 15:11:19,480 INFO [restartedMain] org.apache.juli.logging.DirectJDKLog : Starting ProtocolHandler ["http-nio-8080"]
2021-03-30 15:11:19,485 INFO [restartedMain] org.springframework.boot.web.embedded.tomcat.TomcatWebServer : Tomcat started on port(s): 8080 (http) with context path ''
2021-03-30 15:11:19,489 INFO [restartedMain] org.springframework.boot.StartupInfoLogger : Started AuthServiceApplication in 0.467 seconds (JVM running for 294.637)
2021-03-30 15:11:19,490 INFO [restartedMain] org.springframework.boot.devtools.autoconfigure.ConditionEvaluationDeltaLoggingListener : Condition evaluation unchanged
2021-03-30 15:11:50,817 INFO [RMI TCP Connection(19)-127.0.0.1] org.springframework.boot.admin.SpringApplicationAdminMXBeanRegistrar$SpringApplicationAdmin : Application shutdown requested.
2021-03-30 15:11:50,887 INFO [RMI TCP Connection(19)-127.0.0.1] org.springframework.scheduling.concurrent.ExecutorConfigurationSupport : Shutting down ExecutorService 'applicationTaskExecutor'
2021-03-30 15:11:50,887 INFO [RMI TCP Connection(19)-127.0.0.1] org.springframework.orm.jpa.AbstractEntityManagerFactoryBean : Closing JPA EntityManagerFactory for persistence unit 'default'
2021-03-30 15:11:50,888 INFO [RMI TCP Connection(19)-127.0.0.1] com.zaxxer.hikari.HikariDataSource : HikariPool-3 - Shutdown initiated...
2021-03-30 15:11:50,893 INFO [RMI TCP Connection(19)-127.0.0.1] com.zaxxer.hikari.HikariDataSource : HikariPool-3 - Shutdown completed.
2021-03-30 16:16:53,999 INFO [restartedMain] org.springframework.boot.StartupInfoLogger : Starting AuthServiceApplication using Java 11.0.9 on OPTIMUS with PID 15748 (C:\Users\Silverio\Documents\workspace-spring-tool-suite-4-4.7.1.RELEASE\AuthService\target\classes started by Silverio in C:\Users\Silverio\Documents\workspace-spring-tool-suite-4-4.7.1.RELEASE\AuthService)
2021-03-30 16:16:54,001 DEBUG [restartedMain] org.springframework.boot.StartupInfoLogger : Running with Spring Boot v2.4.2, Spring v5.3.3
2021-03-30 16:16:54,001 INFO [restartedMain] org.springframework.boot.SpringApplication : No active profile set, falling back to default profiles: default
2021-03-30 16:16:54,035 INFO [restartedMain] org.springframework.boot.logging.DeferredLog : Devtools property defaults active! Set 'spring.devtools.add-properties' to 'false' to disable
2021-03-30 16:16:54,035 INFO [restartedMain] org.springframework.boot.logging.DeferredLog : For additional web related logging consider setting the 'logging.level.web' property to 'DEBUG'
2021-03-30 16:16:54,466 INFO [restartedMain] org.springframework.data.repository.config.RepositoryConfigurationDelegate : Bootstrapping Spring Data JPA repositories in DEFAULT mode.
2021-03-30 16:16:54,507 INFO [restartedMain] org.springframework.data.repository.config.RepositoryConfigurationDelegate : Finished Spring Data repository scanning in 34 ms. Found 1 JPA repository interfaces.
2021-03-30 16:16:54,945 INFO [restartedMain] org.springframework.boot.web.embedded.tomcat.TomcatWebServer : Tomcat initialized with port(s): 8080 (http)
2021-03-30 16:16:54,953 INFO [restartedMain] org.apache.juli.logging.DirectJDKLog : Initializing ProtocolHandler ["http-nio-8080"]
2021-03-30 16:16:54,954 INFO [restartedMain] org.apache.juli.logging.DirectJDKLog : Starting service [Tomcat]
2021-03-30 16:16:54,954 INFO [restartedMain] org.apache.juli.logging.DirectJDKLog : Starting Servlet engine: [Apache Tomcat/9.0.41]
2021-03-30 16:16:55,021 INFO [restartedMain] org.apache.juli.logging.DirectJDKLog : Initializing Spring embedded WebApplicationContext
2021-03-30 16:16:55,021 INFO [restartedMain] org.springframework.boot.web.servlet.context.ServletWebServerApplicationContext : Root WebApplicationContext: initialization completed in 985 ms
2021-03-30 16:16:55,166 INFO [restartedMain] org.hibernate.jpa.internal.util.LogHelper : HHH000204: Processing PersistenceUnitInfo [name: default]
2021-03-30 16:16:55,209 INFO [restartedMain] org.hibernate.Version : HHH000412: Hibernate ORM core version 5.4.27.Final
2021-03-30 16:16:55,317 INFO [restartedMain] org.hibernate.annotations.common.reflection.java.JavaReflectionManager : HCANN000001: Hibernate Commons Annotations {5.1.2.Final}
2021-03-30 16:16:55,402 INFO [restartedMain] com.zaxxer.hikari.HikariDataSource : HikariPool-1 - Starting...
2021-03-30 16:16:55,537 INFO [restartedMain] com.zaxxer.hikari.HikariDataSource : HikariPool-1 - Start completed.
2021-03-30 16:16:55,553 INFO [restartedMain] org.hibernate.dialect.Dialect : HHH000400: Using dialect: org.hibernate.dialect.PostgreSQL9Dialect
2021-03-30 16:16:55,702 ERROR [restartedMain] org.springframework.orm.jpa.AbstractEntityManagerFactoryBean : Failed to initialize JPA EntityManagerFactory: Unable to create index (real_nm_name) on table users: database column 'real_nm_name' not found. Make sure that you use the correct column name which depends on the naming strategy in use (it may not be the same as the property name in the entity, especially for relational types)
2021-03-30 16:16:55,702 WARN [restartedMain] org.springframework.context.support.AbstractApplicationContext : Exception encountered during context initialization - cancelling refresh attempt: org.springframework.beans.factory.BeanCreationException: Error creating bean with name 'entityManagerFactory' defined in class path resource [org/springframework/boot/autoconfigure/orm/jpa/HibernateJpaConfiguration.class]: Invocation of init method failed; nested exception is org.hibernate.AnnotationException: Unable to create index (real_nm_name) on table users: database column 'real_nm_name' not found. Make sure that you use the correct column name which depends on the naming strategy in use (it may not be the same as the property name in the entity, especially for relational types)
2021-03-30 16:16:55,704 INFO [restartedMain] com.zaxxer.hikari.HikariDataSource : HikariPool-1 - Shutdown initiated...
2021-03-30 16:16:55,746 INFO [restartedMain] com.zaxxer.hikari.HikariDataSource : HikariPool-1 - Shutdown completed.
2021-03-30 16:16:55,748 INFO [restartedMain] org.apache.juli.logging.DirectJDKLog : Stopping service [Tomcat]
2021-03-30 16:16:55,756 INFO [restartedMain] org.springframework.boot.autoconfigure.logging.ConditionEvaluationReportLoggingListener : 

Error starting ApplicationContext. To display the conditions report re-run your application with 'debug' enabled.
2021-03-30 16:16:55,771 ERROR [restartedMain] org.springframework.boot.SpringApplication : Application run failed
org.springframework.beans.factory.BeanCreationException: Error creating bean with name 'entityManagerFactory' defined in class path resource [org/springframework/boot/autoconfigure/orm/jpa/HibernateJpaConfiguration.class]: Invocation of init method failed; nested exception is org.hibernate.AnnotationException: Unable to create index (real_nm_name) on table users: database column 'real_nm_name' not found. Make sure that you use the correct column name which depends on the naming strategy in use (it may not be the same as the property name in the entity, especially for relational types)
	at org.springframework.beans.factory.support.AbstractAutowireCapableBeanFactory.initializeBean(AbstractAutowireCapableBeanFactory.java:1788)
	at org.springframework.beans.factory.support.AbstractAutowireCapableBeanFactory.doCreateBean(AbstractAutowireCapableBeanFactory.java:609)
	at org.springframework.beans.factory.support.AbstractAutowireCapableBeanFactory.createBean(AbstractAutowireCapableBeanFactory.java:531)
	at org.springframework.beans.factory.support.AbstractBeanFactory.lambda$doGetBean$0(AbstractBeanFactory.java:335)
	at org.springframework.beans.factory.support.DefaultSingletonBeanRegistry.getSingleton(DefaultSingletonBeanRegistry.java:234)
	at org.springframework.beans.factory.support.AbstractBeanFactory.doGetBean(AbstractBeanFactory.java:333)
	at org.springframework.beans.factory.support.AbstractBeanFactory.getBean(AbstractBeanFactory.java:208)
	at org.springframework.context.support.AbstractApplicationContext.getBean(AbstractApplicationContext.java:1159)
	at org.springframework.context.support.AbstractApplicationContext.finishBeanFactoryInitialization(AbstractApplicationContext.java:913)
	at org.springframework.context.support.AbstractApplicationContext.refresh(AbstractApplicationContext.java:588)
	at org.springframework.boot.web.servlet.context.ServletWebServerApplicationContext.refresh(ServletWebServerApplicationContext.java:144)
	at org.springframework.boot.SpringApplication.refresh(SpringApplication.java:767)
	at org.springframework.boot.SpringApplication.refresh(SpringApplication.java:759)
	at org.springframework.boot.SpringApplication.refreshContext(SpringApplication.java:426)
	at org.springframework.boot.SpringApplication.run(SpringApplication.java:326)
	at org.springframework.boot.SpringApplication.run(SpringApplication.java:1311)
	at org.springframework.boot.SpringApplication.run(SpringApplication.java:1300)
	at net.atopecode.authservice.AuthServiceApplication.main(AuthServiceApplication.java:15)
	at java.base/jdk.internal.reflect.NativeMethodAccessorImpl.invoke0(Native Method)
	at java.base/jdk.internal.reflect.NativeMethodAccessorImpl.invoke(NativeMethodAccessorImpl.java:62)
	at java.base/jdk.internal.reflect.DelegatingMethodAccessorImpl.invoke(DelegatingMethodAccessorImpl.java:43)
	at java.base/java.lang.reflect.Method.invoke(Method.java:566)
	at org.springframework.boot.devtools.restart.RestartLauncher.run(RestartLauncher.java:49)
Caused by: org.hibernate.AnnotationException: Unable to create index (real_nm_name) on table users: database column 'real_nm_name' not found. Make sure that you use the correct column name which depends on the naming strategy in use (it may not be the same as the property name in the entity, especially for relational types)
	at org.hibernate.boot.internal.InFlightMetadataCollectorImpl.buildUniqueKeyFromColumnNames(InFlightMetadataCollectorImpl.java:2133)
	at org.hibernate.boot.internal.InFlightMetadataCollectorImpl.processJPAIndexHolders(InFlightMetadataCollectorImpl.java:2146)
	at org.hibernate.boot.internal.InFlightMetadataCollectorImpl.processSecondPasses(InFlightMetadataCollectorImpl.java:1668)
	at org.hibernate.boot.model.process.spi.MetadataBuildingProcess.complete(MetadataBuildingProcess.java:295)
	at org.hibernate.jpa.boot.internal.EntityManagerFactoryBuilderImpl.metadata(EntityManagerFactoryBuilderImpl.java:1224)
	at org.hibernate.jpa.boot.internal.EntityManagerFactoryBuilderImpl.build(EntityManagerFactoryBuilderImpl.java:1255)
	at org.springframework.orm.jpa.vendor.SpringHibernateJpaPersistenceProvider.createContainerEntityManagerFactory(SpringHibernateJpaPersistenceProvider.java:58)
	at org.springframework.orm.jpa.LocalContainerEntityManagerFactoryBean.createNativeEntityManagerFactory(LocalContainerEntityManagerFactoryBean.java:365)
	at org.springframework.orm.jpa.AbstractEntityManagerFactoryBean.buildNativeEntityManagerFactory(AbstractEntityManagerFactoryBean.java:409)
	at org.springframework.orm.jpa.AbstractEntityManagerFactoryBean.afterPropertiesSet(AbstractEntityManagerFactoryBean.java:396)
	at org.springframework.orm.jpa.LocalContainerEntityManagerFactoryBean.afterPropertiesSet(LocalContainerEntityManagerFactoryBean.java:341)
	at org.springframework.beans.factory.support.AbstractAutowireCapableBeanFactory.invokeInitMethods(AbstractAutowireCapableBeanFactory.java:1847)
	at org.springframework.beans.factory.support.AbstractAutowireCapableBeanFactory.initializeBean(AbstractAutowireCapableBeanFactory.java:1784)
	... 22 common frames omitted
2021-03-30 16:17:25,174 INFO [restartedMain] org.springframework.boot.StartupInfoLogger : Starting AuthServiceApplication using Java 11.0.9 on OPTIMUS with PID 6848 (C:\Users\Silverio\Documents\workspace-spring-tool-suite-4-4.7.1.RELEASE\AuthService\target\classes started by Silverio in C:\Users\Silverio\Documents\workspace-spring-tool-suite-4-4.7.1.RELEASE\AuthService)
2021-03-30 16:17:25,177 DEBUG [restartedMain] org.springframework.boot.StartupInfoLogger : Running with Spring Boot v2.4.2, Spring v5.3.3
2021-03-30 16:17:25,177 INFO [restartedMain] org.springframework.boot.SpringApplication : No active profile set, falling back to default profiles: default
2021-03-30 16:17:25,209 INFO [restartedMain] org.springframework.boot.logging.DeferredLog : Devtools property defaults active! Set 'spring.devtools.add-properties' to 'false' to disable
2021-03-30 16:17:25,209 INFO [restartedMain] org.springframework.boot.logging.DeferredLog : For additional web related logging consider setting the 'logging.level.web' property to 'DEBUG'
2021-03-30 16:17:25,637 INFO [restartedMain] org.springframework.data.repository.config.RepositoryConfigurationDelegate : Bootstrapping Spring Data JPA repositories in DEFAULT mode.
2021-03-30 16:17:25,678 INFO [restartedMain] org.springframework.data.repository.config.RepositoryConfigurationDelegate : Finished Spring Data repository scanning in 34 ms. Found 1 JPA repository interfaces.
2021-03-30 16:17:26,111 INFO [restartedMain] org.springframework.boot.web.embedded.tomcat.TomcatWebServer : Tomcat initialized with port(s): 8080 (http)
2021-03-30 16:17:26,119 INFO [restartedMain] org.apache.juli.logging.DirectJDKLog : Initializing ProtocolHandler ["http-nio-8080"]
2021-03-30 16:17:26,119 INFO [restartedMain] org.apache.juli.logging.DirectJDKLog : Starting service [Tomcat]
2021-03-30 16:17:26,119 INFO [restartedMain] org.apache.juli.logging.DirectJDKLog : Starting Servlet engine: [Apache Tomcat/9.0.41]
2021-03-30 16:17:26,183 INFO [restartedMain] org.apache.juli.logging.DirectJDKLog : Initializing Spring embedded WebApplicationContext
2021-03-30 16:17:26,183 INFO [restartedMain] org.springframework.boot.web.servlet.context.ServletWebServerApplicationContext : Root WebApplicationContext: initialization completed in 973 ms
2021-03-30 16:17:26,329 INFO [restartedMain] org.hibernate.jpa.internal.util.LogHelper : HHH000204: Processing PersistenceUnitInfo [name: default]
2021-03-30 16:17:26,372 INFO [restartedMain] org.hibernate.Version : HHH000412: Hibernate ORM core version 5.4.27.Final
2021-03-30 16:17:26,484 INFO [restartedMain] org.hibernate.annotations.common.reflection.java.JavaReflectionManager : HCANN000001: Hibernate Commons Annotations {5.1.2.Final}
2021-03-30 16:17:26,568 INFO [restartedMain] com.zaxxer.hikari.HikariDataSource : HikariPool-1 - Starting...
2021-03-30 16:17:26,708 INFO [restartedMain] com.zaxxer.hikari.HikariDataSource : HikariPool-1 - Start completed.
2021-03-30 16:17:26,723 INFO [restartedMain] org.hibernate.dialect.Dialect : HHH000400: Using dialect: org.hibernate.dialect.PostgreSQL9Dialect
2021-03-30 16:17:26,860 ERROR [restartedMain] org.springframework.orm.jpa.AbstractEntityManagerFactoryBean : Failed to initialize JPA EntityManagerFactory: Unable to create index (nmRealname) on table users: database column 'nmRealname' not found. Make sure that you use the correct column name which depends on the naming strategy in use (it may not be the same as the property name in the entity, especially for relational types)
2021-03-30 16:17:26,861 WARN [restartedMain] org.springframework.context.support.AbstractApplicationContext : Exception encountered during context initialization - cancelling refresh attempt: org.springframework.beans.factory.BeanCreationException: Error creating bean with name 'entityManagerFactory' defined in class path resource [org/springframework/boot/autoconfigure/orm/jpa/HibernateJpaConfiguration.class]: Invocation of init method failed; nested exception is org.hibernate.AnnotationException: Unable to create index (nmRealname) on table users: database column 'nmRealname' not found. Make sure that you use the correct column name which depends on the naming strategy in use (it may not be the same as the property name in the entity, especially for relational types)
2021-03-30 16:17:26,862 INFO [restartedMain] com.zaxxer.hikari.HikariDataSource : HikariPool-1 - Shutdown initiated...
2021-03-30 16:17:26,908 INFO [restartedMain] com.zaxxer.hikari.HikariDataSource : HikariPool-1 - Shutdown completed.
2021-03-30 16:17:26,910 INFO [restartedMain] org.apache.juli.logging.DirectJDKLog : Stopping service [Tomcat]
2021-03-30 16:17:26,918 INFO [restartedMain] org.springframework.boot.autoconfigure.logging.ConditionEvaluationReportLoggingListener : 

Error starting ApplicationContext. To display the conditions report re-run your application with 'debug' enabled.
2021-03-30 16:17:26,933 ERROR [restartedMain] org.springframework.boot.SpringApplication : Application run failed
org.springframework.beans.factory.BeanCreationException: Error creating bean with name 'entityManagerFactory' defined in class path resource [org/springframework/boot/autoconfigure/orm/jpa/HibernateJpaConfiguration.class]: Invocation of init method failed; nested exception is org.hibernate.AnnotationException: Unable to create index (nmRealname) on table users: database column 'nmRealname' not found. Make sure that you use the correct column name which depends on the naming strategy in use (it may not be the same as the property name in the entity, especially for relational types)
	at org.springframework.beans.factory.support.AbstractAutowireCapableBeanFactory.initializeBean(AbstractAutowireCapableBeanFactory.java:1788)
	at org.springframework.beans.factory.support.AbstractAutowireCapableBeanFactory.doCreateBean(AbstractAutowireCapableBeanFactory.java:609)
	at org.springframework.beans.factory.support.AbstractAutowireCapableBeanFactory.createBean(AbstractAutowireCapableBeanFactory.java:531)
	at org.springframework.beans.factory.support.AbstractBeanFactory.lambda$doGetBean$0(AbstractBeanFactory.java:335)
	at org.springframework.beans.factory.support.DefaultSingletonBeanRegistry.getSingleton(DefaultSingletonBeanRegistry.java:234)
	at org.springframework.beans.factory.support.AbstractBeanFactory.doGetBean(AbstractBeanFactory.java:333)
	at org.springframework.beans.factory.support.AbstractBeanFactory.getBean(AbstractBeanFactory.java:208)
	at org.springframework.context.support.AbstractApplicationContext.getBean(AbstractApplicationContext.java:1159)
	at org.springframework.context.support.AbstractApplicationContext.finishBeanFactoryInitialization(AbstractApplicationContext.java:913)
	at org.springframework.context.support.AbstractApplicationContext.refresh(AbstractApplicationContext.java:588)
	at org.springframework.boot.web.servlet.context.ServletWebServerApplicationContext.refresh(ServletWebServerApplicationContext.java:144)
	at org.springframework.boot.SpringApplication.refresh(SpringApplication.java:767)
	at org.springframework.boot.SpringApplication.refresh(SpringApplication.java:759)
	at org.springframework.boot.SpringApplication.refreshContext(SpringApplication.java:426)
	at org.springframework.boot.SpringApplication.run(SpringApplication.java:326)
	at org.springframework.boot.SpringApplication.run(SpringApplication.java:1311)
	at org.springframework.boot.SpringApplication.run(SpringApplication.java:1300)
	at net.atopecode.authservice.AuthServiceApplication.main(AuthServiceApplication.java:15)
	at java.base/jdk.internal.reflect.NativeMethodAccessorImpl.invoke0(Native Method)
	at java.base/jdk.internal.reflect.NativeMethodAccessorImpl.invoke(NativeMethodAccessorImpl.java:62)
	at java.base/jdk.internal.reflect.DelegatingMethodAccessorImpl.invoke(DelegatingMethodAccessorImpl.java:43)
	at java.base/java.lang.reflect.Method.invoke(Method.java:566)
	at org.springframework.boot.devtools.restart.RestartLauncher.run(RestartLauncher.java:49)
Caused by: org.hibernate.AnnotationException: Unable to create index (nmRealname) on table users: database column 'nmRealname' not found. Make sure that you use the correct column name which depends on the naming strategy in use (it may not be the same as the property name in the entity, especially for relational types)
	at org.hibernate.boot.internal.InFlightMetadataCollectorImpl.buildUniqueKeyFromColumnNames(InFlightMetadataCollectorImpl.java:2133)
	at org.hibernate.boot.internal.InFlightMetadataCollectorImpl.processJPAIndexHolders(InFlightMetadataCollectorImpl.java:2146)
	at org.hibernate.boot.internal.InFlightMetadataCollectorImpl.processSecondPasses(InFlightMetadataCollectorImpl.java:1668)
	at org.hibernate.boot.model.process.spi.MetadataBuildingProcess.complete(MetadataBuildingProcess.java:295)
	at org.hibernate.jpa.boot.internal.EntityManagerFactoryBuilderImpl.metadata(EntityManagerFactoryBuilderImpl.java:1224)
	at org.hibernate.jpa.boot.internal.EntityManagerFactoryBuilderImpl.build(EntityManagerFactoryBuilderImpl.java:1255)
	at org.springframework.orm.jpa.vendor.SpringHibernateJpaPersistenceProvider.createContainerEntityManagerFactory(SpringHibernateJpaPersistenceProvider.java:58)
	at org.springframework.orm.jpa.LocalContainerEntityManagerFactoryBean.createNativeEntityManagerFactory(LocalContainerEntityManagerFactoryBean.java:365)
	at org.springframework.orm.jpa.AbstractEntityManagerFactoryBean.buildNativeEntityManagerFactory(AbstractEntityManagerFactoryBean.java:409)
	at org.springframework.orm.jpa.AbstractEntityManagerFactoryBean.afterPropertiesSet(AbstractEntityManagerFactoryBean.java:396)
	at org.springframework.orm.jpa.LocalContainerEntityManagerFactoryBean.afterPropertiesSet(LocalContainerEntityManagerFactoryBean.java:341)
	at org.springframework.beans.factory.support.AbstractAutowireCapableBeanFactory.invokeInitMethods(AbstractAutowireCapableBeanFactory.java:1847)
	at org.springframework.beans.factory.support.AbstractAutowireCapableBeanFactory.initializeBean(AbstractAutowireCapableBeanFactory.java:1784)
	... 22 common frames omitted
2021-03-30 16:18:26,969 INFO [restartedMain] org.springframework.boot.StartupInfoLogger : Starting AuthServiceApplication using Java 11.0.9 on OPTIMUS with PID 18224 (C:\Users\Silverio\Documents\workspace-spring-tool-suite-4-4.7.1.RELEASE\AuthService\target\classes started by Silverio in C:\Users\Silverio\Documents\workspace-spring-tool-suite-4-4.7.1.RELEASE\AuthService)
2021-03-30 16:18:26,972 DEBUG [restartedMain] org.springframework.boot.StartupInfoLogger : Running with Spring Boot v2.4.2, Spring v5.3.3
2021-03-30 16:18:26,972 INFO [restartedMain] org.springframework.boot.SpringApplication : No active profile set, falling back to default profiles: default
2021-03-30 16:18:27,007 INFO [restartedMain] org.springframework.boot.logging.DeferredLog : Devtools property defaults active! Set 'spring.devtools.add-properties' to 'false' to disable
2021-03-30 16:18:27,007 INFO [restartedMain] org.springframework.boot.logging.DeferredLog : For additional web related logging consider setting the 'logging.level.web' property to 'DEBUG'
2021-03-30 16:18:27,435 INFO [restartedMain] org.springframework.data.repository.config.RepositoryConfigurationDelegate : Bootstrapping Spring Data JPA repositories in DEFAULT mode.
2021-03-30 16:18:27,475 INFO [restartedMain] org.springframework.data.repository.config.RepositoryConfigurationDelegate : Finished Spring Data repository scanning in 34 ms. Found 1 JPA repository interfaces.
2021-03-30 16:18:27,903 INFO [restartedMain] org.springframework.boot.web.embedded.tomcat.TomcatWebServer : Tomcat initialized with port(s): 8080 (http)
2021-03-30 16:18:27,911 INFO [restartedMain] org.apache.juli.logging.DirectJDKLog : Initializing ProtocolHandler ["http-nio-8080"]
2021-03-30 16:18:27,911 INFO [restartedMain] org.apache.juli.logging.DirectJDKLog : Starting service [Tomcat]
2021-03-30 16:18:27,911 INFO [restartedMain] org.apache.juli.logging.DirectJDKLog : Starting Servlet engine: [Apache Tomcat/9.0.41]
2021-03-30 16:18:27,980 INFO [restartedMain] org.apache.juli.logging.DirectJDKLog : Initializing Spring embedded WebApplicationContext
2021-03-30 16:18:27,980 INFO [restartedMain] org.springframework.boot.web.servlet.context.ServletWebServerApplicationContext : Root WebApplicationContext: initialization completed in 973 ms
2021-03-30 16:18:28,125 INFO [restartedMain] org.hibernate.jpa.internal.util.LogHelper : HHH000204: Processing PersistenceUnitInfo [name: default]
2021-03-30 16:18:28,167 INFO [restartedMain] org.hibernate.Version : HHH000412: Hibernate ORM core version 5.4.27.Final
2021-03-30 16:18:28,280 INFO [restartedMain] org.hibernate.annotations.common.reflection.java.JavaReflectionManager : HCANN000001: Hibernate Commons Annotations {5.1.2.Final}
2021-03-30 16:18:28,364 INFO [restartedMain] com.zaxxer.hikari.HikariDataSource : HikariPool-1 - Starting...
2021-03-30 16:18:28,505 INFO [restartedMain] com.zaxxer.hikari.HikariDataSource : HikariPool-1 - Start completed.
2021-03-30 16:18:28,520 INFO [restartedMain] org.hibernate.dialect.Dialect : HHH000400: Using dialect: org.hibernate.dialect.PostgreSQL9Dialect
2021-03-30 16:18:29,035 WARN [restartedMain] org.hibernate.engine.jdbc.spi.SqlExceptionHelper$StandardWarningHandler : SQL Warning Code: 0, SQLState: 00000
2021-03-30 16:18:29,035 WARN [restartedMain] org.hibernate.engine.jdbc.spi.SqlExceptionHelper$StandardWarningHandler : no existe la restricción «users_unique_nm_name» en la relación «users», omitiendo
2021-03-30 16:18:29,039 INFO [restartedMain] org.hibernate.engine.transaction.jta.platform.internal.JtaPlatformInitiator : HHH000490: Using JtaPlatform implementation: [org.hibernate.engine.transaction.jta.platform.internal.NoJtaPlatform]
2021-03-30 16:18:29,045 INFO [restartedMain] org.springframework.orm.jpa.AbstractEntityManagerFactoryBean : Initialized JPA EntityManagerFactory for persistence unit 'default'
2021-03-30 16:18:29,072 INFO [restartedMain] org.springframework.boot.devtools.autoconfigure.OptionalLiveReloadServer : LiveReload server is running on port 35729
2021-03-30 16:18:29,109 WARN [restartedMain] org.springframework.boot.autoconfigure.orm.jpa.JpaBaseConfiguration$JpaWebConfiguration : spring.jpa.open-in-view is enabled by default. Therefore, database queries may be performed during view rendering. Explicitly configure spring.jpa.open-in-view to disable this warning
2021-03-30 16:18:29,182 INFO [restartedMain] org.springframework.scheduling.concurrent.ExecutorConfigurationSupport : Initializing ExecutorService 'applicationTaskExecutor'
2021-03-30 16:18:29,509 INFO [restartedMain] org.apache.juli.logging.DirectJDKLog : Starting ProtocolHandler ["http-nio-8080"]
2021-03-30 16:18:29,523 INFO [restartedMain] org.springframework.boot.web.embedded.tomcat.TomcatWebServer : Tomcat started on port(s): 8080 (http) with context path ''
2021-03-30 16:18:29,530 INFO [restartedMain] org.springframework.boot.StartupInfoLogger : Started AuthServiceApplication in 2.898 seconds (JVM running for 3.527)
2021-03-30 16:21:31,643 INFO [Thread-5] org.springframework.scheduling.concurrent.ExecutorConfigurationSupport : Shutting down ExecutorService 'applicationTaskExecutor'
2021-03-30 16:21:31,643 INFO [Thread-5] org.springframework.orm.jpa.AbstractEntityManagerFactoryBean : Closing JPA EntityManagerFactory for persistence unit 'default'
2021-03-30 16:21:31,646 INFO [Thread-5] com.zaxxer.hikari.HikariDataSource : HikariPool-1 - Shutdown initiated...
2021-03-30 16:21:31,654 INFO [Thread-5] com.zaxxer.hikari.HikariDataSource : HikariPool-1 - Shutdown completed.
2021-03-30 16:21:31,717 INFO [restartedMain] org.springframework.boot.StartupInfoLogger : Starting AuthServiceApplication using Java 11.0.9 on OPTIMUS with PID 18224 (C:\Users\Silverio\Documents\workspace-spring-tool-suite-4-4.7.1.RELEASE\AuthService\target\classes started by Silverio in C:\Users\Silverio\Documents\workspace-spring-tool-suite-4-4.7.1.RELEASE\AuthService)
2021-03-30 16:21:31,717 DEBUG [restartedMain] org.springframework.boot.StartupInfoLogger : Running with Spring Boot v2.4.2, Spring v5.3.3
2021-03-30 16:21:31,717 INFO [restartedMain] org.springframework.boot.SpringApplication : No active profile set, falling back to default profiles: default
2021-03-30 16:21:31,854 INFO [restartedMain] org.springframework.data.repository.config.RepositoryConfigurationDelegate : Bootstrapping Spring Data JPA repositories in DEFAULT mode.
2021-03-30 16:21:31,865 INFO [restartedMain] org.springframework.data.repository.config.RepositoryConfigurationDelegate : Finished Spring Data repository scanning in 10 ms. Found 1 JPA repository interfaces.
2021-03-30 16:21:31,933 INFO [restartedMain] org.springframework.boot.web.embedded.tomcat.TomcatWebServer : Tomcat initialized with port(s): 8080 (http)
2021-03-30 16:21:31,933 INFO [restartedMain] org.apache.juli.logging.DirectJDKLog : Initializing ProtocolHandler ["http-nio-8080"]
2021-03-30 16:21:31,933 INFO [restartedMain] org.apache.juli.logging.DirectJDKLog : Starting service [Tomcat]
2021-03-30 16:21:31,934 INFO [restartedMain] org.apache.juli.logging.DirectJDKLog : Starting Servlet engine: [Apache Tomcat/9.0.41]
2021-03-30 16:21:31,950 INFO [restartedMain] org.apache.juli.logging.DirectJDKLog : Initializing Spring embedded WebApplicationContext
2021-03-30 16:21:31,950 INFO [restartedMain] org.springframework.boot.web.servlet.context.ServletWebServerApplicationContext : Root WebApplicationContext: initialization completed in 231 ms
2021-03-30 16:21:31,978 INFO [restartedMain] org.hibernate.jpa.internal.util.LogHelper : HHH000204: Processing PersistenceUnitInfo [name: default]
2021-03-30 16:21:31,982 INFO [restartedMain] com.zaxxer.hikari.HikariDataSource : HikariPool-2 - Starting...
2021-03-30 16:21:32,026 INFO [restartedMain] com.zaxxer.hikari.HikariDataSource : HikariPool-2 - Start completed.
2021-03-30 16:21:32,026 INFO [restartedMain] org.hibernate.dialect.Dialect : HHH000400: Using dialect: org.hibernate.dialect.PostgreSQL9Dialect
2021-03-30 16:21:32,083 INFO [restartedMain] org.hibernate.engine.transaction.jta.platform.internal.JtaPlatformInitiator : HHH000490: Using JtaPlatform implementation: [org.hibernate.engine.transaction.jta.platform.internal.NoJtaPlatform]
2021-03-30 16:21:32,084 INFO [restartedMain] org.springframework.orm.jpa.AbstractEntityManagerFactoryBean : Initialized JPA EntityManagerFactory for persistence unit 'default'
2021-03-30 16:21:32,093 INFO [restartedMain] org.springframework.boot.devtools.autoconfigure.OptionalLiveReloadServer : LiveReload server is running on port 35729
2021-03-30 16:21:32,105 WARN [restartedMain] org.springframework.boot.autoconfigure.orm.jpa.JpaBaseConfiguration$JpaWebConfiguration : spring.jpa.open-in-view is enabled by default. Therefore, database queries may be performed during view rendering. Explicitly configure spring.jpa.open-in-view to disable this warning
2021-03-30 16:21:32,126 INFO [restartedMain] org.springframework.scheduling.concurrent.ExecutorConfigurationSupport : Initializing ExecutorService 'applicationTaskExecutor'
2021-03-30 16:21:32,205 INFO [restartedMain] org.apache.juli.logging.DirectJDKLog : Starting ProtocolHandler ["http-nio-8080"]
2021-03-30 16:21:32,208 INFO [restartedMain] org.springframework.boot.web.embedded.tomcat.TomcatWebServer : Tomcat started on port(s): 8080 (http) with context path ''
2021-03-30 16:21:32,213 INFO [restartedMain] org.springframework.boot.StartupInfoLogger : Started AuthServiceApplication in 0.521 seconds (JVM running for 186.21)
2021-03-30 16:21:32,215 INFO [restartedMain] org.springframework.boot.devtools.autoconfigure.ConditionEvaluationDeltaLoggingListener : Condition evaluation unchanged
2021-03-30 16:24:02,396 INFO [RMI TCP Connection(18)-127.0.0.1] org.springframework.boot.admin.SpringApplicationAdminMXBeanRegistrar$SpringApplicationAdmin : Application shutdown requested.
2021-03-30 16:24:02,466 INFO [RMI TCP Connection(18)-127.0.0.1] org.springframework.scheduling.concurrent.ExecutorConfigurationSupport : Shutting down ExecutorService 'applicationTaskExecutor'
2021-03-30 16:24:02,467 INFO [RMI TCP Connection(18)-127.0.0.1] org.springframework.orm.jpa.AbstractEntityManagerFactoryBean : Closing JPA EntityManagerFactory for persistence unit 'default'
2021-03-30 16:24:02,467 INFO [RMI TCP Connection(18)-127.0.0.1] com.zaxxer.hikari.HikariDataSource : HikariPool-2 - Shutdown initiated...
2021-03-30 16:24:02,473 INFO [RMI TCP Connection(18)-127.0.0.1] com.zaxxer.hikari.HikariDataSource : HikariPool-2 - Shutdown completed.
2021-03-30 17:04:54,164 INFO [restartedMain] org.springframework.boot.StartupInfoLogger : Starting AuthServiceApplication using Java 11.0.9 on OPTIMUS with PID 13908 (C:\Users\Silverio\Documents\workspace-spring-tool-suite-4-4.7.1.RELEASE\AuthService\target\classes started by Silverio in C:\Users\Silverio\Documents\workspace-spring-tool-suite-4-4.7.1.RELEASE\AuthService)
2021-03-30 17:04:54,166 DEBUG [restartedMain] org.springframework.boot.StartupInfoLogger : Running with Spring Boot v2.4.2, Spring v5.3.3
2021-03-30 17:04:54,167 INFO [restartedMain] org.springframework.boot.SpringApplication : No active profile set, falling back to default profiles: default
2021-03-30 17:04:54,199 INFO [restartedMain] org.springframework.boot.logging.DeferredLog : Devtools property defaults active! Set 'spring.devtools.add-properties' to 'false' to disable
2021-03-30 17:04:54,199 INFO [restartedMain] org.springframework.boot.logging.DeferredLog : For additional web related logging consider setting the 'logging.level.web' property to 'DEBUG'
2021-03-30 17:04:54,628 INFO [restartedMain] org.springframework.data.repository.config.RepositoryConfigurationDelegate : Bootstrapping Spring Data JPA repositories in DEFAULT mode.
2021-03-30 17:04:54,671 INFO [restartedMain] org.springframework.data.repository.config.RepositoryConfigurationDelegate : Finished Spring Data repository scanning in 37 ms. Found 2 JPA repository interfaces.
2021-03-30 17:04:55,073 INFO [restartedMain] org.springframework.boot.web.embedded.tomcat.TomcatWebServer : Tomcat initialized with port(s): 8080 (http)
2021-03-30 17:04:55,081 INFO [restartedMain] org.apache.juli.logging.DirectJDKLog : Initializing ProtocolHandler ["http-nio-8080"]
2021-03-30 17:04:55,081 INFO [restartedMain] org.apache.juli.logging.DirectJDKLog : Starting service [Tomcat]
2021-03-30 17:04:55,081 INFO [restartedMain] org.apache.juli.logging.DirectJDKLog : Starting Servlet engine: [Apache Tomcat/9.0.41]
2021-03-30 17:04:55,153 INFO [restartedMain] org.apache.juli.logging.DirectJDKLog : Initializing Spring embedded WebApplicationContext
2021-03-30 17:04:55,155 INFO [restartedMain] org.springframework.boot.web.servlet.context.ServletWebServerApplicationContext : Root WebApplicationContext: initialization completed in 956 ms
2021-03-30 17:04:55,310 INFO [restartedMain] org.hibernate.jpa.internal.util.LogHelper : HHH000204: Processing PersistenceUnitInfo [name: default]
2021-03-30 17:04:55,354 INFO [restartedMain] org.hibernate.Version : HHH000412: Hibernate ORM core version 5.4.27.Final
2021-03-30 17:04:55,466 INFO [restartedMain] org.hibernate.annotations.common.reflection.java.JavaReflectionManager : HCANN000001: Hibernate Commons Annotations {5.1.2.Final}
2021-03-30 17:04:55,554 INFO [restartedMain] com.zaxxer.hikari.HikariDataSource : HikariPool-1 - Starting...
2021-03-30 17:04:55,712 INFO [restartedMain] com.zaxxer.hikari.HikariDataSource : HikariPool-1 - Start completed.
2021-03-30 17:04:55,728 INFO [restartedMain] org.hibernate.dialect.Dialect : HHH000400: Using dialect: org.hibernate.dialect.PostgreSQL9Dialect
2021-03-30 17:04:56,262 WARN [restartedMain] org.hibernate.engine.jdbc.spi.SqlExceptionHelper$StandardWarningHandler : SQL Warning Code: 0, SQLState: 00000
2021-03-30 17:04:56,263 WARN [restartedMain] org.hibernate.engine.jdbc.spi.SqlExceptionHelper$StandardWarningHandler : no existe la restricción «role_unique_name» en la relación «role», omitiendo
2021-03-30 17:04:56,265 WARN [restartedMain] org.hibernate.engine.jdbc.spi.SqlExceptionHelper$StandardWarningHandler : SQL Warning Code: 0, SQLState: 00000
2021-03-30 17:04:56,267 WARN [restartedMain] org.hibernate.engine.jdbc.spi.SqlExceptionHelper$StandardWarningHandler : no existe la restricción «role_unique_nm_name» en la relación «role», omitiendo
2021-03-30 17:04:56,274 WARN [restartedMain] org.hibernate.engine.jdbc.spi.SqlExceptionHelper$StandardWarningHandler : SQL Warning Code: 0, SQLState: 00000
2021-03-30 17:04:56,274 WARN [restartedMain] org.hibernate.engine.jdbc.spi.SqlExceptionHelper$StandardWarningHandler : no existe la restricción «users_unique_name» en la relación «users», omitiendo
2021-03-30 17:04:56,276 INFO [restartedMain] org.hibernate.engine.transaction.jta.platform.internal.JtaPlatformInitiator : HHH000490: Using JtaPlatform implementation: [org.hibernate.engine.transaction.jta.platform.internal.NoJtaPlatform]
2021-03-30 17:04:56,283 INFO [restartedMain] org.springframework.orm.jpa.AbstractEntityManagerFactoryBean : Initialized JPA EntityManagerFactory for persistence unit 'default'
2021-03-30 17:04:56,307 INFO [restartedMain] org.springframework.boot.devtools.autoconfigure.OptionalLiveReloadServer : LiveReload server is running on port 35729
2021-03-30 17:04:56,345 WARN [restartedMain] org.springframework.boot.autoconfigure.orm.jpa.JpaBaseConfiguration$JpaWebConfiguration : spring.jpa.open-in-view is enabled by default. Therefore, database queries may be performed during view rendering. Explicitly configure spring.jpa.open-in-view to disable this warning
2021-03-30 17:04:56,417 INFO [restartedMain] org.springframework.scheduling.concurrent.ExecutorConfigurationSupport : Initializing ExecutorService 'applicationTaskExecutor'
2021-03-30 17:04:56,754 INFO [restartedMain] org.apache.juli.logging.DirectJDKLog : Starting ProtocolHandler ["http-nio-8080"]
2021-03-30 17:04:56,770 INFO [restartedMain] org.springframework.boot.web.embedded.tomcat.TomcatWebServer : Tomcat started on port(s): 8080 (http) with context path ''
2021-03-30 17:04:56,776 INFO [restartedMain] org.springframework.boot.StartupInfoLogger : Started AuthServiceApplication in 2.962 seconds (JVM running for 3.605)
2021-03-30 17:07:41,799 INFO [RMI TCP Connection(12)-127.0.0.1] org.springframework.boot.admin.SpringApplicationAdminMXBeanRegistrar$SpringApplicationAdmin : Application shutdown requested.
2021-03-30 17:07:41,868 INFO [RMI TCP Connection(12)-127.0.0.1] org.springframework.scheduling.concurrent.ExecutorConfigurationSupport : Shutting down ExecutorService 'applicationTaskExecutor'
2021-03-30 17:07:41,868 INFO [RMI TCP Connection(12)-127.0.0.1] org.springframework.orm.jpa.AbstractEntityManagerFactoryBean : Closing JPA EntityManagerFactory for persistence unit 'default'
2021-03-30 17:07:41,871 INFO [RMI TCP Connection(12)-127.0.0.1] com.zaxxer.hikari.HikariDataSource : HikariPool-1 - Shutdown initiated...
2021-03-30 17:07:41,878 INFO [RMI TCP Connection(12)-127.0.0.1] com.zaxxer.hikari.HikariDataSource : HikariPool-1 - Shutdown completed.
2021-03-30 17:07:49,974 INFO [restartedMain] org.springframework.boot.StartupInfoLogger : Starting AuthServiceApplication using Java 11.0.9 on OPTIMUS with PID 10148 (C:\Users\Silverio\Documents\workspace-spring-tool-suite-4-4.7.1.RELEASE\AuthService\target\classes started by Silverio in C:\Users\Silverio\Documents\workspace-spring-tool-suite-4-4.7.1.RELEASE\AuthService)
2021-03-30 17:07:49,976 DEBUG [restartedMain] org.springframework.boot.StartupInfoLogger : Running with Spring Boot v2.4.2, Spring v5.3.3
2021-03-30 17:07:49,977 INFO [restartedMain] org.springframework.boot.SpringApplication : No active profile set, falling back to default profiles: default
2021-03-30 17:07:50,010 INFO [restartedMain] org.springframework.boot.logging.DeferredLog : Devtools property defaults active! Set 'spring.devtools.add-properties' to 'false' to disable
2021-03-30 17:07:50,010 INFO [restartedMain] org.springframework.boot.logging.DeferredLog : For additional web related logging consider setting the 'logging.level.web' property to 'DEBUG'
2021-03-30 17:07:50,446 INFO [restartedMain] org.springframework.data.repository.config.RepositoryConfigurationDelegate : Bootstrapping Spring Data JPA repositories in DEFAULT mode.
2021-03-30 17:07:50,489 INFO [restartedMain] org.springframework.data.repository.config.RepositoryConfigurationDelegate : Finished Spring Data repository scanning in 37 ms. Found 2 JPA repository interfaces.
2021-03-30 17:07:50,924 INFO [restartedMain] org.springframework.boot.web.embedded.tomcat.TomcatWebServer : Tomcat initialized with port(s): 8080 (http)
2021-03-30 17:07:50,932 INFO [restartedMain] org.apache.juli.logging.DirectJDKLog : Initializing ProtocolHandler ["http-nio-8080"]
2021-03-30 17:07:50,933 INFO [restartedMain] org.apache.juli.logging.DirectJDKLog : Starting service [Tomcat]
2021-03-30 17:07:50,933 INFO [restartedMain] org.apache.juli.logging.DirectJDKLog : Starting Servlet engine: [Apache Tomcat/9.0.41]
2021-03-30 17:07:50,999 INFO [restartedMain] org.apache.juli.logging.DirectJDKLog : Initializing Spring embedded WebApplicationContext
2021-03-30 17:07:50,999 INFO [restartedMain] org.springframework.boot.web.servlet.context.ServletWebServerApplicationContext : Root WebApplicationContext: initialization completed in 989 ms
2021-03-30 17:07:51,145 INFO [restartedMain] org.hibernate.jpa.internal.util.LogHelper : HHH000204: Processing PersistenceUnitInfo [name: default]
2021-03-30 17:07:51,189 INFO [restartedMain] org.hibernate.Version : HHH000412: Hibernate ORM core version 5.4.27.Final
2021-03-30 17:07:51,295 INFO [restartedMain] org.hibernate.annotations.common.reflection.java.JavaReflectionManager : HCANN000001: Hibernate Commons Annotations {5.1.2.Final}
2021-03-30 17:07:51,380 INFO [restartedMain] com.zaxxer.hikari.HikariDataSource : HikariPool-1 - Starting...
2021-03-30 17:07:51,523 INFO [restartedMain] com.zaxxer.hikari.HikariDataSource : HikariPool-1 - Start completed.
2021-03-30 17:07:51,539 INFO [restartedMain] org.hibernate.dialect.Dialect : HHH000400: Using dialect: org.hibernate.dialect.PostgreSQL9Dialect
2021-03-30 17:07:52,052 INFO [restartedMain] org.hibernate.engine.transaction.jta.platform.internal.JtaPlatformInitiator : HHH000490: Using JtaPlatform implementation: [org.hibernate.engine.transaction.jta.platform.internal.NoJtaPlatform]
2021-03-30 17:07:52,059 INFO [restartedMain] org.springframework.orm.jpa.AbstractEntityManagerFactoryBean : Initialized JPA EntityManagerFactory for persistence unit 'default'
2021-03-30 17:07:52,083 INFO [restartedMain] org.springframework.boot.devtools.autoconfigure.OptionalLiveReloadServer : LiveReload server is running on port 35729
2021-03-30 17:07:52,123 WARN [restartedMain] org.springframework.boot.autoconfigure.orm.jpa.JpaBaseConfiguration$JpaWebConfiguration : spring.jpa.open-in-view is enabled by default. Therefore, database queries may be performed during view rendering. Explicitly configure spring.jpa.open-in-view to disable this warning
2021-03-30 17:07:52,196 INFO [restartedMain] org.springframework.scheduling.concurrent.ExecutorConfigurationSupport : Initializing ExecutorService 'applicationTaskExecutor'
2021-03-30 17:07:52,533 INFO [restartedMain] org.apache.juli.logging.DirectJDKLog : Starting ProtocolHandler ["http-nio-8080"]
2021-03-30 17:07:52,548 INFO [restartedMain] org.springframework.boot.web.embedded.tomcat.TomcatWebServer : Tomcat started on port(s): 8080 (http) with context path ''
2021-03-30 17:07:52,555 INFO [restartedMain] org.springframework.boot.StartupInfoLogger : Started AuthServiceApplication in 2.916 seconds (JVM running for 3.543)
2021-03-30 17:08:41,711 INFO [RMI TCP Connection(10)-127.0.0.1] org.springframework.boot.admin.SpringApplicationAdminMXBeanRegistrar$SpringApplicationAdmin : Application shutdown requested.
2021-03-30 17:08:41,772 INFO [RMI TCP Connection(10)-127.0.0.1] org.springframework.scheduling.concurrent.ExecutorConfigurationSupport : Shutting down ExecutorService 'applicationTaskExecutor'
2021-03-30 17:08:41,772 INFO [RMI TCP Connection(10)-127.0.0.1] org.springframework.orm.jpa.AbstractEntityManagerFactoryBean : Closing JPA EntityManagerFactory for persistence unit 'default'
2021-03-30 17:08:41,775 INFO [RMI TCP Connection(10)-127.0.0.1] com.zaxxer.hikari.HikariDataSource : HikariPool-1 - Shutdown initiated...
2021-03-30 17:08:41,782 INFO [RMI TCP Connection(10)-127.0.0.1] com.zaxxer.hikari.HikariDataSource : HikariPool-1 - Shutdown completed.
