2021-07-07 17:53:07,244 INFO [restartedMain] org.springframework.boot.StartupInfoLogger : Starting AuthServiceApplication using Java 11.0.9 on OPTIMUS with PID 18724 (C:\Users\Silverio\Documents\workspace-spring-tool-suite-4-4.7.1.RELEASE\AuthService\target\classes started by Silverio in C:\Users\Silverio\Documents\workspace-spring-tool-suite-4-4.7.1.RELEASE\AuthService)
2021-07-07 17:53:07,244 DEBUG [restartedMain] org.springframework.boot.StartupInfoLogger : Running with Spring Boot v2.4.2, Spring v5.3.3
2021-07-07 17:53:07,244 INFO [restartedMain] org.springframework.boot.SpringApplication : No active profile set, falling back to default profiles: default
2021-07-07 17:53:07,291 INFO [restartedMain] org.springframework.boot.logging.DeferredLog : Devtools property defaults active! Set 'spring.devtools.add-properties' to 'false' to disable
2021-07-07 17:53:07,291 INFO [restartedMain] org.springframework.boot.logging.DeferredLog : For additional web related logging consider setting the 'logging.level.web' property to 'DEBUG'
2021-07-07 17:53:07,963 INFO [restartedMain] org.springframework.data.repository.config.RepositoryConfigurationDelegate : Bootstrapping Spring Data JPA repositories in DEFAULT mode.
2021-07-07 17:53:08,036 INFO [restartedMain] org.springframework.data.repository.config.RepositoryConfigurationDelegate : Finished Spring Data repository scanning in 68 ms. Found 3 JPA repository interfaces.
2021-07-07 17:53:08,547 INFO [restartedMain] org.springframework.boot.web.embedded.tomcat.TomcatWebServer : Tomcat initialized with port(s): 8080 (http)
2021-07-07 17:53:08,560 INFO [restartedMain] org.apache.juli.logging.DirectJDKLog : Initializing ProtocolHandler ["http-nio-8080"]
2021-07-07 17:53:08,560 INFO [restartedMain] org.apache.juli.logging.DirectJDKLog : Starting service [Tomcat]
2021-07-07 17:53:08,560 INFO [restartedMain] org.apache.juli.logging.DirectJDKLog : Starting Servlet engine: [Apache Tomcat/9.0.41]
2021-07-07 17:53:08,653 INFO [restartedMain] org.apache.juli.logging.DirectJDKLog : Initializing Spring embedded WebApplicationContext
2021-07-07 17:53:08,653 INFO [restartedMain] org.springframework.boot.web.servlet.context.ServletWebServerApplicationContext : Root WebApplicationContext: initialization completed in 1346 ms
2021-07-07 17:53:08,841 INFO [restartedMain] org.hibernate.jpa.internal.util.LogHelper : HHH000204: Processing PersistenceUnitInfo [name: default]
2021-07-07 17:53:08,919 INFO [restartedMain] org.hibernate.Version : HHH000412: Hibernate ORM core version 5.4.27.Final
2021-07-07 17:53:09,106 INFO [restartedMain] org.hibernate.annotations.common.reflection.java.JavaReflectionManager : HCANN000001: Hibernate Commons Annotations {5.1.2.Final}
2021-07-07 17:53:09,231 INFO [restartedMain] com.zaxxer.hikari.HikariDataSource : HikariPool-1 - Starting...
2021-07-07 17:53:09,419 INFO [restartedMain] com.zaxxer.hikari.HikariDataSource : HikariPool-1 - Start completed.
2021-07-07 17:53:09,435 INFO [restartedMain] org.hibernate.dialect.Dialect : HHH000400: Using dialect: org.hibernate.dialect.PostgreSQL9Dialect
2021-07-07 17:53:10,483 INFO [restartedMain] org.hibernate.engine.transaction.jta.platform.internal.JtaPlatformInitiator : HHH000490: Using JtaPlatform implementation: [org.hibernate.engine.transaction.jta.platform.internal.NoJtaPlatform]
2021-07-07 17:53:10,496 INFO [restartedMain] org.springframework.orm.jpa.AbstractEntityManagerFactoryBean : Initialized JPA EntityManagerFactory for persistence unit 'default'
2021-07-07 17:53:10,527 INFO [restartedMain] org.springframework.boot.devtools.autoconfigure.OptionalLiveReloadServer : LiveReload server is running on port 35729
2021-07-07 17:53:11,121 INFO [restartedMain] org.springframework.scheduling.concurrent.ExecutorConfigurationSupport : Initializing ExecutorService 'applicationTaskExecutor'
2021-07-07 17:53:11,308 INFO [restartedMain] org.apache.juli.logging.DirectJDKLog : Starting ProtocolHandler ["http-nio-8080"]
2021-07-07 17:53:11,339 INFO [restartedMain] org.springframework.boot.web.embedded.tomcat.TomcatWebServer : Tomcat started on port(s): 8080 (http) with context path '/api'
2021-07-07 17:53:11,339 INFO [restartedMain] org.springframework.boot.StartupInfoLogger : Started AuthServiceApplication in 4.529 seconds (JVM running for 5.518)
2021-07-07 17:53:22,591 INFO [http-nio-8080-exec-1] org.apache.juli.logging.DirectJDKLog : Initializing Spring DispatcherServlet 'dispatcherServlet'
2021-07-07 17:53:22,593 INFO [http-nio-8080-exec-1] org.springframework.web.servlet.FrameworkServlet : Initializing Servlet 'dispatcherServlet'
2021-07-07 17:53:22,593 INFO [http-nio-8080-exec-1] org.springframework.web.servlet.FrameworkServlet : Completed initialization in 0 ms
2021-07-07 17:54:10,914 INFO [RMI TCP Connection(9)-127.0.0.1] org.springframework.boot.admin.SpringApplicationAdminMXBeanRegistrar$SpringApplicationAdmin : Application shutdown requested.
2021-07-07 17:54:11,080 INFO [RMI TCP Connection(9)-127.0.0.1] org.springframework.scheduling.concurrent.ExecutorConfigurationSupport : Shutting down ExecutorService 'applicationTaskExecutor'
2021-07-07 17:54:11,080 INFO [RMI TCP Connection(9)-127.0.0.1] org.springframework.orm.jpa.AbstractEntityManagerFactoryBean : Closing JPA EntityManagerFactory for persistence unit 'default'
2021-07-07 17:54:11,080 INFO [RMI TCP Connection(9)-127.0.0.1] com.zaxxer.hikari.HikariDataSource : HikariPool-1 - Shutdown initiated...
2021-07-07 17:54:11,096 INFO [RMI TCP Connection(9)-127.0.0.1] com.zaxxer.hikari.HikariDataSource : HikariPool-1 - Shutdown completed.
