2021-08-30 17:11:46,912 INFO [restartedMain] org.springframework.boot.StartupInfoLogger : Starting AuthServiceApplication using Java 11.0.9 on OPTIMUS with PID 11932 (C:\Users\Silverio\Documents\workspace-spring-tool-suite-4-4.7.1.RELEASE\AuthService\target\classes started by Silverio in C:\Users\Silverio\Documents\workspace-spring-tool-suite-4-4.7.1.RELEASE\AuthService)
2021-08-30 17:11:46,915 DEBUG [restartedMain] org.springframework.boot.StartupInfoLogger : Running with Spring Boot v2.4.2, Spring v5.3.3
2021-08-30 17:11:46,918 INFO [restartedMain] org.springframework.boot.SpringApplication : No active profile set, falling back to default profiles: default
2021-08-30 17:11:46,958 INFO [restartedMain] org.springframework.boot.logging.DeferredLog : Devtools property defaults active! Set 'spring.devtools.add-properties' to 'false' to disable
2021-08-30 17:11:46,959 INFO [restartedMain] org.springframework.boot.logging.DeferredLog : For additional web related logging consider setting the 'logging.level.web' property to 'DEBUG'
2021-08-30 17:11:47,652 INFO [restartedMain] org.springframework.data.repository.config.RepositoryConfigurationDelegate : Bootstrapping Spring Data JPA repositories in DEFAULT mode.
2021-08-30 17:11:47,741 INFO [restartedMain] org.springframework.data.repository.config.RepositoryConfigurationDelegate : Finished Spring Data repository scanning in 80 ms. Found 3 JPA repository interfaces.
2021-08-30 17:11:48,221 INFO [restartedMain] org.springframework.boot.web.embedded.tomcat.TomcatWebServer : Tomcat initialized with port(s): 8080 (http)
2021-08-30 17:11:48,230 INFO [restartedMain] org.apache.juli.logging.DirectJDKLog : Initializing ProtocolHandler ["http-nio-8080"]
2021-08-30 17:11:48,231 INFO [restartedMain] org.apache.juli.logging.DirectJDKLog : Starting service [Tomcat]
2021-08-30 17:11:48,231 INFO [restartedMain] org.apache.juli.logging.DirectJDKLog : Starting Servlet engine: [Apache Tomcat/9.0.41]
2021-08-30 17:11:48,309 INFO [restartedMain] org.apache.juli.logging.DirectJDKLog : Initializing Spring embedded WebApplicationContext
2021-08-30 17:11:48,309 INFO [restartedMain] org.springframework.boot.web.servlet.context.ServletWebServerApplicationContext : Root WebApplicationContext: initialization completed in 1349 ms
2021-08-30 17:11:48,493 INFO [restartedMain] org.hibernate.jpa.internal.util.LogHelper : HHH000204: Processing PersistenceUnitInfo [name: default]
2021-08-30 17:11:48,557 INFO [restartedMain] org.hibernate.Version : HHH000412: Hibernate ORM core version 5.4.27.Final
2021-08-30 17:11:48,727 INFO [restartedMain] org.hibernate.annotations.common.reflection.java.JavaReflectionManager : HCANN000001: Hibernate Commons Annotations {5.1.2.Final}
2021-08-30 17:11:48,841 INFO [restartedMain] com.zaxxer.hikari.HikariDataSource : HikariPool-1 - Starting...
2021-08-30 17:11:49,219 INFO [restartedMain] com.zaxxer.hikari.HikariDataSource : HikariPool-1 - Start completed.
2021-08-30 17:11:49,240 INFO [restartedMain] org.hibernate.dialect.Dialect : HHH000400: Using dialect: org.hibernate.dialect.PostgreSQL9Dialect
2021-08-30 17:11:50,321 INFO [restartedMain] org.hibernate.engine.transaction.jta.platform.internal.JtaPlatformInitiator : HHH000490: Using JtaPlatform implementation: [org.hibernate.engine.transaction.jta.platform.internal.NoJtaPlatform]
2021-08-30 17:11:50,328 INFO [restartedMain] org.springframework.orm.jpa.AbstractEntityManagerFactoryBean : Initialized JPA EntityManagerFactory for persistence unit 'default'
2021-08-30 17:11:50,354 INFO [restartedMain] org.springframework.boot.devtools.autoconfigure.OptionalLiveReloadServer : LiveReload server is running on port 35729
2021-08-30 17:11:50,886 INFO [restartedMain] org.springframework.scheduling.concurrent.ExecutorConfigurationSupport : Initializing ExecutorService 'applicationTaskExecutor'
2021-08-30 17:11:51,079 INFO [restartedMain] org.apache.juli.logging.DirectJDKLog : Starting ProtocolHandler ["http-nio-8080"]
2021-08-30 17:11:51,098 INFO [restartedMain] org.springframework.boot.web.embedded.tomcat.TomcatWebServer : Tomcat started on port(s): 8080 (http) with context path '/api'
2021-08-30 17:11:51,106 INFO [restartedMain] org.springframework.boot.StartupInfoLogger : Started AuthServiceApplication in 4.633 seconds (JVM running for 5.678)
2021-08-30 17:12:11,708 INFO [RMI TCP Connection(8)-127.0.0.1] org.springframework.boot.admin.SpringApplicationAdminMXBeanRegistrar$SpringApplicationAdmin : Application shutdown requested.
2021-08-30 17:12:11,898 INFO [RMI TCP Connection(8)-127.0.0.1] org.springframework.scheduling.concurrent.ExecutorConfigurationSupport : Shutting down ExecutorService 'applicationTaskExecutor'
2021-08-30 17:12:11,899 INFO [RMI TCP Connection(8)-127.0.0.1] org.springframework.orm.jpa.AbstractEntityManagerFactoryBean : Closing JPA EntityManagerFactory for persistence unit 'default'
2021-08-30 17:12:11,903 INFO [RMI TCP Connection(8)-127.0.0.1] com.zaxxer.hikari.HikariDataSource : HikariPool-1 - Shutdown initiated...
2021-08-30 17:12:11,911 INFO [RMI TCP Connection(8)-127.0.0.1] com.zaxxer.hikari.HikariDataSource : HikariPool-1 - Shutdown completed.
2021-08-30 17:23:26,673 INFO [main] org.springframework.boot.StartupInfoLogger : Starting AuthServiceApplicationTests using Java 11.0.2 on OPTIMUS with PID 17348 (started by Silverio in C:\Users\Silverio\Documents\workspace-spring-tool-suite-4-4.7.1.RELEASE\AuthService)
2021-08-30 17:23:26,674 DEBUG [main] org.springframework.boot.StartupInfoLogger : Running with Spring Boot v2.4.2, Spring v5.3.3
2021-08-30 17:23:26,676 INFO [main] org.springframework.boot.SpringApplication : No active profile set, falling back to default profiles: default
2021-08-30 17:23:27,476 INFO [main] org.springframework.data.repository.config.RepositoryConfigurationDelegate : Bootstrapping Spring Data JPA repositories in DEFAULT mode.
2021-08-30 17:23:27,565 INFO [main] org.springframework.data.repository.config.RepositoryConfigurationDelegate : Finished Spring Data repository scanning in 82 ms. Found 3 JPA repository interfaces.
2021-08-30 17:23:28,150 INFO [main] org.hibernate.jpa.internal.util.LogHelper : HHH000204: Processing PersistenceUnitInfo [name: default]
2021-08-30 17:23:28,222 INFO [main] org.hibernate.Version : HHH000412: Hibernate ORM core version 5.4.27.Final
2021-08-30 17:23:28,359 INFO [main] org.hibernate.annotations.common.reflection.java.JavaReflectionManager : HCANN000001: Hibernate Commons Annotations {5.1.2.Final}
2021-08-30 17:23:28,668 INFO [main] com.zaxxer.hikari.HikariDataSource : HikariPool-1 - Starting...
2021-08-30 17:23:28,879 INFO [main] com.zaxxer.hikari.HikariDataSource : HikariPool-1 - Start completed.
2021-08-30 17:23:28,897 INFO [main] org.hibernate.dialect.Dialect : HHH000400: Using dialect: org.hibernate.dialect.PostgreSQL9Dialect
2021-08-30 17:23:30,004 INFO [main] org.hibernate.engine.transaction.jta.platform.internal.JtaPlatformInitiator : HHH000490: Using JtaPlatform implementation: [org.hibernate.engine.transaction.jta.platform.internal.NoJtaPlatform]
2021-08-30 17:23:30,012 INFO [main] org.springframework.orm.jpa.AbstractEntityManagerFactoryBean : Initialized JPA EntityManagerFactory for persistence unit 'default'
2021-08-30 17:23:31,133 INFO [main] org.springframework.scheduling.concurrent.ExecutorConfigurationSupport : Initializing ExecutorService 'applicationTaskExecutor'
2021-08-30 17:23:31,491 INFO [main] org.springframework.boot.StartupInfoLogger : Started AuthServiceApplicationTests in 5.26 seconds (JVM running for 6.263)
2021-08-30 17:23:31,676 INFO [SpringContextShutdownHook] org.springframework.scheduling.concurrent.ExecutorConfigurationSupport : Shutting down ExecutorService 'applicationTaskExecutor'
2021-08-30 17:23:31,678 INFO [SpringContextShutdownHook] org.springframework.orm.jpa.AbstractEntityManagerFactoryBean : Closing JPA EntityManagerFactory for persistence unit 'default'
2021-08-30 17:23:31,681 INFO [SpringContextShutdownHook] com.zaxxer.hikari.HikariDataSource : HikariPool-1 - Shutdown initiated...
2021-08-30 17:23:31,695 INFO [SpringContextShutdownHook] com.zaxxer.hikari.HikariDataSource : HikariPool-1 - Shutdown completed.
2021-08-30 17:26:01,442 INFO [restartedMain] org.springframework.boot.StartupInfoLogger : Starting AuthServiceApplication using Java 11.0.9 on OPTIMUS with PID 20512 (C:\Users\Silverio\Documents\workspace-spring-tool-suite-4-4.7.1.RELEASE\AuthService\target\classes started by Silverio in C:\Users\Silverio\Documents\workspace-spring-tool-suite-4-4.7.1.RELEASE\AuthService)
2021-08-30 17:26:01,445 DEBUG [restartedMain] org.springframework.boot.StartupInfoLogger : Running with Spring Boot v2.4.2, Spring v5.3.3
2021-08-30 17:26:01,447 INFO [restartedMain] org.springframework.boot.SpringApplication : No active profile set, falling back to default profiles: default
2021-08-30 17:26:01,480 INFO [restartedMain] org.springframework.boot.logging.DeferredLog : Devtools property defaults active! Set 'spring.devtools.add-properties' to 'false' to disable
2021-08-30 17:26:01,480 INFO [restartedMain] org.springframework.boot.logging.DeferredLog : For additional web related logging consider setting the 'logging.level.web' property to 'DEBUG'
2021-08-30 17:26:01,991 INFO [restartedMain] org.springframework.data.repository.config.RepositoryConfigurationDelegate : Bootstrapping Spring Data JPA repositories in DEFAULT mode.
2021-08-30 17:26:02,065 INFO [restartedMain] org.springframework.data.repository.config.RepositoryConfigurationDelegate : Finished Spring Data repository scanning in 67 ms. Found 3 JPA repository interfaces.
2021-08-30 17:26:02,522 INFO [restartedMain] org.springframework.boot.web.embedded.tomcat.TomcatWebServer : Tomcat initialized with port(s): 8080 (http)
2021-08-30 17:26:02,530 INFO [restartedMain] org.apache.juli.logging.DirectJDKLog : Initializing ProtocolHandler ["http-nio-8080"]
2021-08-30 17:26:02,531 INFO [restartedMain] org.apache.juli.logging.DirectJDKLog : Starting service [Tomcat]
2021-08-30 17:26:02,531 INFO [restartedMain] org.apache.juli.logging.DirectJDKLog : Starting Servlet engine: [Apache Tomcat/9.0.41]
2021-08-30 17:26:02,605 INFO [restartedMain] org.apache.juli.logging.DirectJDKLog : Initializing Spring embedded WebApplicationContext
2021-08-30 17:26:02,605 INFO [restartedMain] org.springframework.boot.web.servlet.context.ServletWebServerApplicationContext : Root WebApplicationContext: initialization completed in 1124 ms
2021-08-30 17:26:02,769 INFO [restartedMain] org.hibernate.jpa.internal.util.LogHelper : HHH000204: Processing PersistenceUnitInfo [name: default]
2021-08-30 17:26:02,813 INFO [restartedMain] org.hibernate.Version : HHH000412: Hibernate ORM core version 5.4.27.Final
2021-08-30 17:26:02,926 INFO [restartedMain] org.hibernate.annotations.common.reflection.java.JavaReflectionManager : HCANN000001: Hibernate Commons Annotations {5.1.2.Final}
2021-08-30 17:26:03,017 INFO [restartedMain] com.zaxxer.hikari.HikariDataSource : HikariPool-1 - Starting...
2021-08-30 17:26:03,171 INFO [restartedMain] com.zaxxer.hikari.HikariDataSource : HikariPool-1 - Start completed.
2021-08-30 17:26:03,187 INFO [restartedMain] org.hibernate.dialect.Dialect : HHH000400: Using dialect: org.hibernate.dialect.PostgreSQL9Dialect
2021-08-30 17:26:04,106 INFO [restartedMain] org.hibernate.engine.transaction.jta.platform.internal.JtaPlatformInitiator : HHH000490: Using JtaPlatform implementation: [org.hibernate.engine.transaction.jta.platform.internal.NoJtaPlatform]
2021-08-30 17:26:04,113 INFO [restartedMain] org.springframework.orm.jpa.AbstractEntityManagerFactoryBean : Initialized JPA EntityManagerFactory for persistence unit 'default'
2021-08-30 17:26:04,139 INFO [restartedMain] org.springframework.boot.devtools.autoconfigure.OptionalLiveReloadServer : LiveReload server is running on port 35729
2021-08-30 17:26:04,638 INFO [restartedMain] org.springframework.scheduling.concurrent.ExecutorConfigurationSupport : Initializing ExecutorService 'applicationTaskExecutor'
2021-08-30 17:26:04,810 INFO [restartedMain] org.apache.juli.logging.DirectJDKLog : Starting ProtocolHandler ["http-nio-8080"]
2021-08-30 17:26:04,827 INFO [restartedMain] org.springframework.boot.web.embedded.tomcat.TomcatWebServer : Tomcat started on port(s): 8080 (http) with context path '/api'
2021-08-30 17:26:04,834 INFO [restartedMain] org.springframework.boot.StartupInfoLogger : Started AuthServiceApplication in 3.773 seconds (JVM running for 4.575)
2021-08-30 17:30:05,878 INFO [RMI TCP Connection(12)-127.0.0.1] org.springframework.boot.admin.SpringApplicationAdminMXBeanRegistrar$SpringApplicationAdmin : Application shutdown requested.
2021-08-30 17:30:06,092 INFO [RMI TCP Connection(12)-127.0.0.1] org.springframework.scheduling.concurrent.ExecutorConfigurationSupport : Shutting down ExecutorService 'applicationTaskExecutor'
2021-08-30 17:30:06,094 INFO [RMI TCP Connection(12)-127.0.0.1] org.springframework.orm.jpa.AbstractEntityManagerFactoryBean : Closing JPA EntityManagerFactory for persistence unit 'default'
2021-08-30 17:30:06,098 INFO [RMI TCP Connection(12)-127.0.0.1] com.zaxxer.hikari.HikariDataSource : HikariPool-1 - Shutdown initiated...
2021-08-30 17:30:06,110 INFO [RMI TCP Connection(12)-127.0.0.1] com.zaxxer.hikari.HikariDataSource : HikariPool-1 - Shutdown completed.
